('Right', ['B1NWT0_NEMVE/41-83'])
('Left', ['B5L633_NEMVE/41-83'])
('Right', ['B1NWS9_NEMVE/41-83'])
('Left', ['B5L633_NEMVE/41-83', 'B1NWT0_NEMVE/41-83'])
('Right', ['B1NWS8_NEMVE/41-83'])
('Left', ['B5L633_NEMVE/41-83', 'B1NWT0_NEMVE/41-83', 'B1NWS9_NEMVE/41-83'])
('Right', ['B1NWS7_NEMVE/41-83'])
('Left', ['B5L633_NEMVE/41-83', 'B1NWT0_NEMVE/41-83', 'B1NWS9_NEMVE/41-83', 'B1NWS8_NEMVE/41-83'])
('Right', ['B1NWS6_NEMVE/41-83'])
('Left', ['B5L633_NEMVE/41-83', 'B1NWT0_NEMVE/41-83', 'B1NWS9_NEMVE/41-83', 'B1NWS8_NEMVE/41-83', 'B1NWS7_NEMVE/41-83'])
('Right', ['B1NWS5_NEMVE/41-83'])
('Left', ['B5L633_NEMVE/41-83', 'B1NWT0_NEMVE/41-83', 'B1NWS9_NEMVE/41-83', 'B1NWS8_NEMVE/41-83', 'B1NWS7_NEMVE/41-83', 'B1NWS6_NEMVE/41-83'])
('Right', ['B1NWS4_NEMVE/41-83'])
('Left', ['B5L633_NEMVE/41-83', 'B1NWT0_NEMVE/41-83', 'B1NWS9_NEMVE/41-83', 'B1NWS8_NEMVE/41-83', 'B1NWS7_NEMVE/41-83', 'B1NWS6_NEMVE/41-83', 'B1NWS5_NEMVE/41-83'])
('Right', ['B1NWT1_NEMVE/41-81'])
('Left', ['B5L636_NEMVE/41-81'])
('Right', ['B5L636_NEMVE/41-81', 'B1NWT1_NEMVE/41-81'])
('Left', ['B1NWT2_NEMVE/41-81'])
('Right', ['D0VLT9_URTCR/36-77'])
('Left', ['HAL_HALCG/2-44'])
('Right', ['TXA1_HETCR/2-44'])
('Left', ['TXA2_HETCR/2-44'])
('Right', ['SHTX4_STIHA/37-79'])
('Left', ['TXA2_RADPA/2-44'])
('Right', ['TXA2_RADPA/2-44', 'SHTX4_STIHA/37-79'])
('Left', ['TXA2_HETCR/2-44', 'TXA1_HETCR/2-44'])
('Right', ['TXA3_RADPA/2-44'])
('Left', ['TXA4_HETCR/2-44'])
('Right', ['TXA4_HETCR/2-44', 'TXA3_RADPA/2-44'])
('Left', ['TXA5_HETCR/2-44'])
('Right', ['TXA3_HETCR/2-44'])
('Left', ['TXA5_HETCR/2-44', 'TXA4_HETCR/2-44', 'TXA3_RADPA/2-44'])
('Right', ['D2KX91_9CNID/37-79'])
('Left', ['D2KX92_9CNID/37-79'])
('Right', ['D2KX92_9CNID/37-79', 'D2KX91_9CNID/37-79'])
('Left', ['GIG3_STIGI/37-79'])
('Right', ['1sh1'])
('Left', ['TXA1_STOHE/2-44'])
('Right', ['TXA1_STOHE/2-44', '1sh1'])
('Left', ['D2KX90_9CNID/37-79'])
('Right', ['D2KX90_9CNID/37-79', 'TXA1_STOHE/2-44', '1sh1'])
('Left', ['GIG3_STIGI/37-79', 'D2KX92_9CNID/37-79', 'D2KX91_9CNID/37-79'])
('Right', ['GIG3_STIGI/37-79', 'D2KX92_9CNID/37-79', 'D2KX91_9CNID/37-79', 'D2KX90_9CNID/37-79', 'TXA1_STOHE/2-44', '1sh1'])
('Left', ['TXA5_HETCR/2-44', 'TXA4_HETCR/2-44', 'TXA3_RADPA/2-44', 'TXA3_HETCR/2-44'])
('Right', ['TXA5_HETCR/2-44', 'TXA4_HETCR/2-44', 'TXA3_RADPA/2-44', 'TXA3_HETCR/2-44', 'GIG3_STIGI/37-79', 'D2KX92_9CNID/37-79', 'D2KX91_9CNID/37-79', 'D2KX90_9CNID/37-79', 'TXA1_STOHE/2-44', '1sh1'])
('Left', ['TXA2_HETCR/2-44', 'TXA1_HETCR/2-44', 'TXA2_RADPA/2-44', 'SHTX4_STIHA/37-79'])
('Right', ['TXA2_HETCR/2-44', 'TXA1_HETCR/2-44', 'TXA2_RADPA/2-44', 'SHTX4_STIHA/37-79', 'TXA5_HETCR/2-44', 'TXA4_HETCR/2-44', 'TXA3_RADPA/2-44', 'TXA3_HETCR/2-44', 'GIG3_STIGI/37-79', 'D2KX92_9CNID/37-79', 'D2KX91_9CNID/37-79', 'D2KX90_9CNID/37-79', 'TXA1_STOHE/2-44', '1sh1'])
('Left', ['HAL_HALCG/2-44', 'D0VLT9_URTCR/36-77'])
('Right', ['TXCL1_CALPA/35-76'])
('Left', ['TXCL2_CALPA/35-76'])
('Right', ['B1NWU2_ACTEQ/31-80'])
('Left', ['B1NWU3_ACTEQ/31-80'])
('Right', ['B1NWU3_ACTEQ/31-80', 'B1NWU2_ACTEQ/31-80'])
('Left', ['B1NWU4_ACTEQ/31-80'])
('Right', ['B1NWU4_ACTEQ/31-80', 'B1NWU3_ACTEQ/31-80', 'B1NWU2_ACTEQ/31-80'])
('Left', ['B1NWU5_ACTEQ/31-80'])
('Right', ['B1NWU1_ACTEQ/31-80'])
('Left', ['TXAE1_ACTEQ/31-80'])
('Right', ['TXAE1_ACTEQ/31-80', 'B1NWU1_ACTEQ/31-80'])
('Left', ['B1NWU6_ACTEQ/30-79'])
('Right', ['B1NWU6_ACTEQ/30-79', 'TXAE1_ACTEQ/31-80', 'B1NWU1_ACTEQ/31-80'])
('Left', ['B1NWU5_ACTEQ/31-80', 'B1NWU4_ACTEQ/31-80', 'B1NWU3_ACTEQ/31-80', 'B1NWU2_ACTEQ/31-80'])
('Right', ['B1NWU5_ACTEQ/31-80', 'B1NWU4_ACTEQ/31-80', 'B1NWU3_ACTEQ/31-80', 'B1NWU2_ACTEQ/31-80', 'B1NWU6_ACTEQ/30-79', 'TXAE1_ACTEQ/31-80', 'B1NWU1_ACTEQ/31-80'])
('Left', ['TXCL2_CALPA/35-76', 'TXCL1_CALPA/35-76'])
('Right', ['AETX1_ANEER/3-44'])
('Left', ['B1NWT3_9CNID/37-70'])
('Right', ['TXAM3_ANTMC/29-71'])
('Left', ['TXRC1_HETCR/3-45'])
('Right', ['TXRC1_HETCR/3-45', 'TXAM3_ANTMC/29-71'])
('Left', ['TXNA_CONGI/3-45'])
('Right', ['TXCAN_BUNCN/3-46'])
('Left', ['TXCN2_BUNCN/3-46'])
('Right', ['TXCN2_BUNCN/3-46', 'TXCAN_BUNCN/3-46'])
('Left', ['TXCN3_BUNCN/3-46'])
('Right', ['TX2_BUNGR/3-46'])
('Left', ['TX3_BUNGR/3-46'])
('Right', ['TX3_BUNGR/3-46', 'TX2_BUNGR/3-46'])
('Left', ['TXC3_BUNCI/3-46'])
('Right', ['TXC3_BUNCI/3-46', 'TX3_BUNGR/3-46', 'TX2_BUNGR/3-46'])
('Left', ['TXCN3_BUNCN/3-46', 'TXCN2_BUNCN/3-46', 'TXCAN_BUNCN/3-46'])
('Right', ['TXCN3_BUNCN/3-46', 'TXCN2_BUNCN/3-46', 'TXCAN_BUNCN/3-46', 'TXC3_BUNCI/3-46', 'TX3_BUNGR/3-46', 'TX2_BUNGR/3-46'])
('Left', ['TXNA_CONGI/3-45', 'TXRC1_HETCR/3-45', 'TXAM3_ANTMC/29-71'])
('Right', ['TXD1A_BUNCN/3-45'])
('Left', ['TXD1B_BUNCN/3-45'])
('Right', ['1atx'])
('Left', ['TXA1_ANESU/3-44'])
('Right', ['TXA1_ANESU/3-44', '1atx'])
('Left', ['B1NWT5_9CNID/39-80'])
('Right', ['B1NWT5_9CNID/39-80', 'TXA1_ANESU/3-44', '1atx'])
('Left', ['TXD1B_BUNCN/3-45', 'TXD1A_BUNCN/3-45'])
('Right', ['TXD1B_BUNCN/3-45', 'TXD1A_BUNCN/3-45', 'B1NWT5_9CNID/39-80', 'TXA1_ANESU/3-44', '1atx'])
('Left', ['GIG2_STIGI/33-72'])
('Right', ['GIG2_STIGI/33-72', 'TXD1B_BUNCN/3-45', 'TXD1A_BUNCN/3-45', 'B1NWT5_9CNID/39-80', 'TXA1_ANESU/3-44', '1atx'])
('Left', ['TXNA_CONGI/3-45', 'TXRC1_HETCR/3-45', 'TXAM3_ANTMC/29-71', 'TXCN3_BUNCN/3-46', 'TXCN2_BUNCN/3-46', 'TXCAN_BUNCN/3-46', 'TXC3_BUNCI/3-46', 'TX3_BUNGR/3-46', 'TX2_BUNGR/3-46'])
('Right', ['TXNA_CONGI/3-45', 'TXRC1_HETCR/3-45', 'TXAM3_ANTMC/29-71', 'TXCN3_BUNCN/3-46', 'TXCN2_BUNCN/3-46', 'TXCAN_BUNCN/3-46', 'TXC3_BUNCI/3-46', 'TX3_BUNGR/3-46', 'TX2_BUNGR/3-46', 'GIG2_STIGI/33-72', 'TXD1B_BUNCN/3-45', 'TXD1A_BUNCN/3-45', 'B1NWT5_9CNID/39-80', 'TXA1_ANESU/3-44', '1atx'])
('Left', ['B1NWT3_9CNID/37-70', 'AETX1_ANEER/3-44'])
('Right', ['B1NWT3_9CNID/37-70', 'AETX1_ANEER/3-44', 'TXNA_CONGI/3-45', 'TXRC1_HETCR/3-45', 'TXAM3_ANTMC/29-71', 'TXCN3_BUNCN/3-46', 'TXCN2_BUNCN/3-46', 'TXCAN_BUNCN/3-46', 'TXC3_BUNCI/3-46', 'TX3_BUNGR/3-46', 'TX2_BUNGR/3-46', 'GIG2_STIGI/33-72', 'TXD1B_BUNCN/3-45', 'TXD1A_BUNCN/3-45', 'B1NWT5_9CNID/39-80', 'TXA1_ANESU/3-44', '1atx'])
('Left', ['TXCL2_CALPA/35-76', 'TXCL1_CALPA/35-76', 'B1NWU5_ACTEQ/31-80', 'B1NWU4_ACTEQ/31-80', 'B1NWU3_ACTEQ/31-80', 'B1NWU2_ACTEQ/31-80', 'B1NWU6_ACTEQ/30-79', 'TXAE1_ACTEQ/31-80', 'B1NWU1_ACTEQ/31-80'])
('Right', ['TXCL2_CALPA/35-76', 'TXCL1_CALPA/35-76', 'B1NWU5_ACTEQ/31-80', 'B1NWU4_ACTEQ/31-80', 'B1NWU3_ACTEQ/31-80', 'B1NWU2_ACTEQ/31-80', 'B1NWU6_ACTEQ/30-79', 'TXAE1_ACTEQ/31-80', 'B1NWU1_ACTEQ/31-80', 'B1NWT3_9CNID/37-70', 'AETX1_ANEER/3-44', 'TXNA_CONGI/3-45', 'TXRC1_HETCR/3-45', 'TXAM3_ANTMC/29-71', 'TXCN3_BUNCN/3-46', 'TXCN2_BUNCN/3-46', 'TXCAN_BUNCN/3-46', 'TXC3_BUNCI/3-46', 'TX3_BUNGR/3-46', 'TX2_BUNGR/3-46', 'GIG2_STIGI/33-72', 'TXD1B_BUNCN/3-45', 'TXD1A_BUNCN/3-45', 'B1NWT5_9CNID/39-80', 'TXA1_ANESU/3-44', '1atx'])
('Left', ['1bds'])
('Right', ['1bds', 'TXCL2_CALPA/35-76', 'TXCL1_CALPA/35-76', 'B1NWU5_ACTEQ/31-80', 'B1NWU4_ACTEQ/31-80', 'B1NWU3_ACTEQ/31-80', 'B1NWU2_ACTEQ/31-80', 'B1NWU6_ACTEQ/30-79', 'TXAE1_ACTEQ/31-80', 'B1NWU1_ACTEQ/31-80', 'B1NWT3_9CNID/37-70', 'AETX1_ANEER/3-44', 'TXNA_CONGI/3-45', 'TXRC1_HETCR/3-45', 'TXAM3_ANTMC/29-71', 'TXCN3_BUNCN/3-46', 'TXCN2_BUNCN/3-46', 'TXCAN_BUNCN/3-46', 'TXC3_BUNCI/3-46', 'TX3_BUNGR/3-46', 'TX2_BUNGR/3-46', 'GIG2_STIGI/33-72', 'TXD1B_BUNCN/3-45', 'TXD1A_BUNCN/3-45', 'B1NWT5_9CNID/39-80', 'TXA1_ANESU/3-44', '1atx'])
('Left', ['HAL_HALCG/2-44', 'D0VLT9_URTCR/36-77', 'TXA2_HETCR/2-44', 'TXA1_HETCR/2-44', 'TXA2_RADPA/2-44', 'SHTX4_STIHA/37-79', 'TXA5_HETCR/2-44', 'TXA4_HETCR/2-44', 'TXA3_RADPA/2-44', 'TXA3_HETCR/2-44', 'GIG3_STIGI/37-79', 'D2KX92_9CNID/37-79', 'D2KX91_9CNID/37-79', 'D2KX90_9CNID/37-79', 'TXA1_STOHE/2-44', '1sh1'])
('Right', ['TX1_ANTXA/3-45'])
('Left', ['TXA12_ANTEL/3-45'])
('Right', ['TXA12_ANTEL/3-45', 'TX1_ANTXA/3-45'])
('Left', ['TXA11_ANTEL/3-45'])
('Right', ['TX3_ANTXA/3-45'])
('Left', ['TX5_ANTXA/3-45'])
('Right', ['TX2_ANTXA/3-45'])
('Left', ['TX5_ANTXA/3-45', 'TX3_ANTXA/3-45'])
('Right', ['1apf'])
('Left', ['TXAB_ANTXA/3-47'])
('Right', ['TXAB_ANTXA/3-47', '1apf'])
('Left', ['TX5_ANTXA/3-45', 'TX3_ANTXA/3-45', 'TX2_ANTXA/3-45'])
('Right', ['TXA1_ANTFU/3-45'])
('Left', ['TXA22_ANTEL/3-45'])
('Right', ['B1NWR0_9CNID/36-78'])
('Left', ['B1NWR3_9CNID/36-78'])
('Right', ['B1NWR3_9CNID/36-78', 'B1NWR0_9CNID/36-78'])
('Left', ['B1NWT7_9CNID/35-77'])
('Right', ['B1NWT7_9CNID/35-77', 'B1NWR3_9CNID/36-78', 'B1NWR0_9CNID/36-78'])
('Left', ['TXA2_ANESU/3-45'])
('Right', ['TXA2_ANESU/3-45', 'B1NWT7_9CNID/35-77', 'B1NWR3_9CNID/36-78', 'B1NWR0_9CNID/36-78'])
('Left', ['TXA5_ANESU/3-45'])
('Right', ['TXA21_ANTEL/3-45'])
('Left', ['TXA2_ANTFU/4-46'])
('Right', ['TXA2_ANTFU/4-46', 'TXA21_ANTEL/3-45'])
('Left', ['TXAC_ANTEL/3-45'])
('Right', ['TXH2_ANTS7/3-45'])
('Left', ['TXH7_ANTS7/3-45'])
('Right', ['TXH16_ANTS7/3-45'])
('Left', ['TXH8_ANTS7/3-45'])
('Right', ['TX7_ANTXA/3-47'])
('Left', ['TXAA_ANTXA/3-47'])
('Right', ['1ahl'])
('Left', ['TXAA_ANTXA/3-47', 'TX7_ANTXA/3-47'])
('Right', ['TXAA_ANTXA/3-47', 'TX7_ANTXA/3-47', '1ahl'])
('Left', ['TXH8_ANTS7/3-45', 'TXH16_ANTS7/3-45'])
('Right', ['TXH8_ANTS7/3-45', 'TXH16_ANTS7/3-45', 'TXAA_ANTXA/3-47', 'TX7_ANTXA/3-47', '1ahl'])
('Left', ['TXH7_ANTS7/3-45', 'TXH2_ANTS7/3-45'])
('Right', ['TXH7_ANTS7/3-45', 'TXH2_ANTS7/3-45', 'TXH8_ANTS7/3-45', 'TXH16_ANTS7/3-45', 'TXAA_ANTXA/3-47', 'TX7_ANTXA/3-47', '1ahl'])
('Left', ['TX6_ANTXA/3-47'])
('Right', ['TX6_ANTXA/3-47', 'TXH7_ANTS7/3-45', 'TXH2_ANTS7/3-45', 'TXH8_ANTS7/3-45', 'TXH16_ANTS7/3-45', 'TXAA_ANTXA/3-47', 'TX7_ANTXA/3-47', '1ahl'])
('Left', ['TXAC_ANTEL/3-45', 'TXA2_ANTFU/4-46', 'TXA21_ANTEL/3-45'])
('Right', ['TXAC_ANTEL/3-45', 'TXA2_ANTFU/4-46', 'TXA21_ANTEL/3-45', 'TX6_ANTXA/3-47', 'TXH7_ANTS7/3-45', 'TXH2_ANTS7/3-45', 'TXH8_ANTS7/3-45', 'TXH16_ANTS7/3-45', 'TXAA_ANTXA/3-47', 'TX7_ANTXA/3-47', '1ahl'])
('Left', ['TX4_ANTXA/3-45'])
('Right', ['TX4_ANTXA/3-45', 'TXAC_ANTEL/3-45', 'TXA2_ANTFU/4-46', 'TXA21_ANTEL/3-45', 'TX6_ANTXA/3-47', 'TXH7_ANTS7/3-45', 'TXH2_ANTS7/3-45', 'TXH8_ANTS7/3-45', 'TXH16_ANTS7/3-45', 'TXAA_ANTXA/3-47', 'TX7_ANTXA/3-47', '1ahl'])
('Left', ['TXA5_ANESU/3-45', 'TXA2_ANESU/3-45', 'B1NWT7_9CNID/35-77', 'B1NWR3_9CNID/36-78', 'B1NWR0_9CNID/36-78'])
('Right', ['TXA5_ANESU/3-45', 'TXA2_ANESU/3-45', 'B1NWT7_9CNID/35-77', 'B1NWR3_9CNID/36-78', 'B1NWR0_9CNID/36-78', 'TX4_ANTXA/3-45', 'TXAC_ANTEL/3-45', 'TXA2_ANTFU/4-46', 'TXA21_ANTEL/3-45', 'TX6_ANTXA/3-47', 'TXH7_ANTS7/3-45', 'TXH2_ANTS7/3-45', 'TXH8_ANTS7/3-45', 'TXH16_ANTS7/3-45', 'TXAA_ANTXA/3-47', 'TX7_ANTXA/3-47', '1ahl'])
('Left', ['TXA22_ANTEL/3-45', 'TXA1_ANTFU/3-45'])
('Right', ['TXA22_ANTEL/3-45', 'TXA1_ANTFU/3-45', 'TXA5_ANESU/3-45', 'TXA2_ANESU/3-45', 'B1NWT7_9CNID/35-77', 'B1NWR3_9CNID/36-78', 'B1NWR0_9CNID/36-78', 'TX4_ANTXA/3-45', 'TXAC_ANTEL/3-45', 'TXA2_ANTFU/4-46', 'TXA21_ANTEL/3-45', 'TX6_ANTXA/3-47', 'TXH7_ANTS7/3-45', 'TXH2_ANTS7/3-45', 'TXH8_ANTS7/3-45', 'TXH16_ANTS7/3-45', 'TXAA_ANTXA/3-47', 'TX7_ANTXA/3-47', '1ahl'])
('Left', ['TX5_ANTXA/3-45', 'TX3_ANTXA/3-45', 'TX2_ANTXA/3-45', 'TXAB_ANTXA/3-47', '1apf'])
('Right', ['TX5_ANTXA/3-45', 'TX3_ANTXA/3-45', 'TX2_ANTXA/3-45', 'TXAB_ANTXA/3-47', '1apf', 'TXA22_ANTEL/3-45', 'TXA1_ANTFU/3-45', 'TXA5_ANESU/3-45', 'TXA2_ANESU/3-45', 'B1NWT7_9CNID/35-77', 'B1NWR3_9CNID/36-78', 'B1NWR0_9CNID/36-78', 'TX4_ANTXA/3-45', 'TXAC_ANTEL/3-45', 'TXA2_ANTFU/4-46', 'TXA21_ANTEL/3-45', 'TX6_ANTXA/3-47', 'TXH7_ANTS7/3-45', 'TXH2_ANTS7/3-45', 'TXH8_ANTS7/3-45', 'TXH16_ANTS7/3-45', 'TXAA_ANTXA/3-47', 'TX7_ANTXA/3-47', '1ahl'])
('Left', ['TXA11_ANTEL/3-45', 'TXA12_ANTEL/3-45', 'TX1_ANTXA/3-45'])
('Right', ['TXA11_ANTEL/3-45', 'TXA12_ANTEL/3-45', 'TX1_ANTXA/3-45', 'TX5_ANTXA/3-45', 'TX3_ANTXA/3-45', 'TX2_ANTXA/3-45', 'TXAB_ANTXA/3-47', '1apf', 'TXA22_ANTEL/3-45', 'TXA1_ANTFU/3-45', 'TXA5_ANESU/3-45', 'TXA2_ANESU/3-45', 'B1NWT7_9CNID/35-77', 'B1NWR3_9CNID/36-78', 'B1NWR0_9CNID/36-78', 'TX4_ANTXA/3-45', 'TXAC_ANTEL/3-45', 'TXA2_ANTFU/4-46', 'TXA21_ANTEL/3-45', 'TX6_ANTXA/3-47', 'TXH7_ANTS7/3-45', 'TXH2_ANTS7/3-45', 'TXH8_ANTS7/3-45', 'TXH16_ANTS7/3-45', 'TXAA_ANTXA/3-47', 'TX7_ANTXA/3-47', '1ahl'])
('Left', ['HAL_HALCG/2-44', 'D0VLT9_URTCR/36-77', 'TXA2_HETCR/2-44', 'TXA1_HETCR/2-44', 'TXA2_RADPA/2-44', 'SHTX4_STIHA/37-79', 'TXA5_HETCR/2-44', 'TXA4_HETCR/2-44', 'TXA3_RADPA/2-44', 'TXA3_HETCR/2-44', 'GIG3_STIGI/37-79', 'D2KX92_9CNID/37-79', 'D2KX91_9CNID/37-79', 'D2KX90_9CNID/37-79', 'TXA1_STOHE/2-44', '1sh1', '1bds', 'TXCL2_CALPA/35-76', 'TXCL1_CALPA/35-76', 'B1NWU5_ACTEQ/31-80', 'B1NWU4_ACTEQ/31-80', 'B1NWU3_ACTEQ/31-80', 'B1NWU2_ACTEQ/31-80', 'B1NWU6_ACTEQ/30-79', 'TXAE1_ACTEQ/31-80', 'B1NWU1_ACTEQ/31-80', 'B1NWT3_9CNID/37-70', 'AETX1_ANEER/3-44', 'TXNA_CONGI/3-45', 'TXRC1_HETCR/3-45', 'TXAM3_ANTMC/29-71', 'TXCN3_BUNCN/3-46', 'TXCN2_BUNCN/3-46', 'TXCAN_BUNCN/3-46', 'TXC3_BUNCI/3-46', 'TX3_BUNGR/3-46', 'TX2_BUNGR/3-46', 'GIG2_STIGI/33-72', 'TXD1B_BUNCN/3-45', 'TXD1A_BUNCN/3-45', 'B1NWT5_9CNID/39-80', 'TXA1_ANESU/3-44', '1atx'])
('Right', ['HAL_HALCG/2-44', 'D0VLT9_URTCR/36-77', 'TXA2_HETCR/2-44', 'TXA1_HETCR/2-44', 'TXA2_RADPA/2-44', 'SHTX4_STIHA/37-79', 'TXA5_HETCR/2-44', 'TXA4_HETCR/2-44', 'TXA3_RADPA/2-44', 'TXA3_HETCR/2-44', 'GIG3_STIGI/37-79', 'D2KX92_9CNID/37-79', 'D2KX91_9CNID/37-79', 'D2KX90_9CNID/37-79', 'TXA1_STOHE/2-44', '1sh1', '1bds', 'TXCL2_CALPA/35-76', 'TXCL1_CALPA/35-76', 'B1NWU5_ACTEQ/31-80', 'B1NWU4_ACTEQ/31-80', 'B1NWU3_ACTEQ/31-80', 'B1NWU2_ACTEQ/31-80', 'B1NWU6_ACTEQ/30-79', 'TXAE1_ACTEQ/31-80', 'B1NWU1_ACTEQ/31-80', 'B1NWT3_9CNID/37-70', 'AETX1_ANEER/3-44', 'TXNA_CONGI/3-45', 'TXRC1_HETCR/3-45', 'TXAM3_ANTMC/29-71', 'TXCN3_BUNCN/3-46', 'TXCN2_BUNCN/3-46', 'TXCAN_BUNCN/3-46', 'TXC3_BUNCI/3-46', 'TX3_BUNGR/3-46', 'TX2_BUNGR/3-46', 'GIG2_STIGI/33-72', 'TXD1B_BUNCN/3-45', 'TXD1A_BUNCN/3-45', 'B1NWT5_9CNID/39-80', 'TXA1_ANESU/3-44', '1atx', 'TXA11_ANTEL/3-45', 'TXA12_ANTEL/3-45', 'TX1_ANTXA/3-45', 'TX5_ANTXA/3-45', 'TX3_ANTXA/3-45', 'TX2_ANTXA/3-45', 'TXAB_ANTXA/3-47', '1apf', 'TXA22_ANTEL/3-45', 'TXA1_ANTFU/3-45', 'TXA5_ANESU/3-45', 'TXA2_ANESU/3-45', 'B1NWT7_9CNID/35-77', 'B1NWR3_9CNID/36-78', 'B1NWR0_9CNID/36-78', 'TX4_ANTXA/3-45', 'TXAC_ANTEL/3-45', 'TXA2_ANTFU/4-46', 'TXA21_ANTEL/3-45', 'TX6_ANTXA/3-47', 'TXH7_ANTS7/3-45', 'TXH2_ANTS7/3-45', 'TXH8_ANTS7/3-45', 'TXH16_ANTS7/3-45', 'TXAA_ANTXA/3-47', 'TX7_ANTXA/3-47', '1ahl'])
('Left', ['B1NWT2_NEMVE/41-81', 'B5L636_NEMVE/41-81', 'B1NWT1_NEMVE/41-81'])
('Right', ['B1NWT2_NEMVE/41-81', 'B5L636_NEMVE/41-81', 'B1NWT1_NEMVE/41-81', 'HAL_HALCG/2-44', 'D0VLT9_URTCR/36-77', 'TXA2_HETCR/2-44', 'TXA1_HETCR/2-44', 'TXA2_RADPA/2-44', 'SHTX4_STIHA/37-79', 'TXA5_HETCR/2-44', 'TXA4_HETCR/2-44', 'TXA3_RADPA/2-44', 'TXA3_HETCR/2-44', 'GIG3_STIGI/37-79', 'D2KX92_9CNID/37-79', 'D2KX91_9CNID/37-79', 'D2KX90_9CNID/37-79', 'TXA1_STOHE/2-44', '1sh1', '1bds', 'TXCL2_CALPA/35-76', 'TXCL1_CALPA/35-76', 'B1NWU5_ACTEQ/31-80', 'B1NWU4_ACTEQ/31-80', 'B1NWU3_ACTEQ/31-80', 'B1NWU2_ACTEQ/31-80', 'B1NWU6_ACTEQ/30-79', 'TXAE1_ACTEQ/31-80', 'B1NWU1_ACTEQ/31-80', 'B1NWT3_9CNID/37-70', 'AETX1_ANEER/3-44', 'TXNA_CONGI/3-45', 'TXRC1_HETCR/3-45', 'TXAM3_ANTMC/29-71', 'TXCN3_BUNCN/3-46', 'TXCN2_BUNCN/3-46', 'TXCAN_BUNCN/3-46', 'TXC3_BUNCI/3-46', 'TX3_BUNGR/3-46', 'TX2_BUNGR/3-46', 'GIG2_STIGI/33-72', 'TXD1B_BUNCN/3-45', 'TXD1A_BUNCN/3-45', 'B1NWT5_9CNID/39-80', 'TXA1_ANESU/3-44', '1atx', 'TXA11_ANTEL/3-45', 'TXA12_ANTEL/3-45', 'TX1_ANTXA/3-45', 'TX5_ANTXA/3-45', 'TX3_ANTXA/3-45', 'TX2_ANTXA/3-45', 'TXAB_ANTXA/3-47', '1apf', 'TXA22_ANTEL/3-45', 'TXA1_ANTFU/3-45', 'TXA5_ANESU/3-45', 'TXA2_ANESU/3-45', 'B1NWT7_9CNID/35-77', 'B1NWR3_9CNID/36-78', 'B1NWR0_9CNID/36-78', 'TX4_ANTXA/3-45', 'TXAC_ANTEL/3-45', 'TXA2_ANTFU/4-46', 'TXA21_ANTEL/3-45', 'TX6_ANTXA/3-47', 'TXH7_ANTS7/3-45', 'TXH2_ANTS7/3-45', 'TXH8_ANTS7/3-45', 'TXH16_ANTS7/3-45', 'TXAA_ANTXA/3-47', 'TX7_ANTXA/3-47', '1ahl'])
('Left', ['B5L634_NEMVE/41-83'])
('Right', ['B5L634_NEMVE/41-83', 'B1NWT2_NEMVE/41-81', 'B5L636_NEMVE/41-81', 'B1NWT1_NEMVE/41-81', 'HAL_HALCG/2-44', 'D0VLT9_URTCR/36-77', 'TXA2_HETCR/2-44', 'TXA1_HETCR/2-44', 'TXA2_RADPA/2-44', 'SHTX4_STIHA/37-79', 'TXA5_HETCR/2-44', 'TXA4_HETCR/2-44', 'TXA3_RADPA/2-44', 'TXA3_HETCR/2-44', 'GIG3_STIGI/37-79', 'D2KX92_9CNID/37-79', 'D2KX91_9CNID/37-79', 'D2KX90_9CNID/37-79', 'TXA1_STOHE/2-44', '1sh1', '1bds', 'TXCL2_CALPA/35-76', 'TXCL1_CALPA/35-76', 'B1NWU5_ACTEQ/31-80', 'B1NWU4_ACTEQ/31-80', 'B1NWU3_ACTEQ/31-80', 'B1NWU2_ACTEQ/31-80', 'B1NWU6_ACTEQ/30-79', 'TXAE1_ACTEQ/31-80', 'B1NWU1_ACTEQ/31-80', 'B1NWT3_9CNID/37-70', 'AETX1_ANEER/3-44', 'TXNA_CONGI/3-45', 'TXRC1_HETCR/3-45', 'TXAM3_ANTMC/29-71', 'TXCN3_BUNCN/3-46', 'TXCN2_BUNCN/3-46', 'TXCAN_BUNCN/3-46', 'TXC3_BUNCI/3-46', 'TX3_BUNGR/3-46', 'TX2_BUNGR/3-46', 'GIG2_STIGI/33-72', 'TXD1B_BUNCN/3-45', 'TXD1A_BUNCN/3-45', 'B1NWT5_9CNID/39-80', 'TXA1_ANESU/3-44', '1atx', 'TXA11_ANTEL/3-45', 'TXA12_ANTEL/3-45', 'TX1_ANTXA/3-45', 'TX5_ANTXA/3-45', 'TX3_ANTXA/3-45', 'TX2_ANTXA/3-45', 'TXAB_ANTXA/3-47', '1apf', 'TXA22_ANTEL/3-45', 'TXA1_ANTFU/3-45', 'TXA5_ANESU/3-45', 'TXA2_ANESU/3-45', 'B1NWT7_9CNID/35-77', 'B1NWR3_9CNID/36-78', 'B1NWR0_9CNID/36-78', 'TX4_ANTXA/3-45', 'TXAC_ANTEL/3-45', 'TXA2_ANTFU/4-46', 'TXA21_ANTEL/3-45', 'TX6_ANTXA/3-47', 'TXH7_ANTS7/3-45', 'TXH2_ANTS7/3-45', 'TXH8_ANTS7/3-45', 'TXH16_ANTS7/3-45', 'TXAA_ANTXA/3-47', 'TX7_ANTXA/3-47', '1ahl'])
('Left', ['A7SCD9_NEMVE/16-58'])
('Right', ['A7SCD9_NEMVE/16-58', 'B5L634_NEMVE/41-83', 'B1NWT2_NEMVE/41-81', 'B5L636_NEMVE/41-81', 'B1NWT1_NEMVE/41-81', 'HAL_HALCG/2-44', 'D0VLT9_URTCR/36-77', 'TXA2_HETCR/2-44', 'TXA1_HETCR/2-44', 'TXA2_RADPA/2-44', 'SHTX4_STIHA/37-79', 'TXA5_HETCR/2-44', 'TXA4_HETCR/2-44', 'TXA3_RADPA/2-44', 'TXA3_HETCR/2-44', 'GIG3_STIGI/37-79', 'D2KX92_9CNID/37-79', 'D2KX91_9CNID/37-79', 'D2KX90_9CNID/37-79', 'TXA1_STOHE/2-44', '1sh1', '1bds', 'TXCL2_CALPA/35-76', 'TXCL1_CALPA/35-76', 'B1NWU5_ACTEQ/31-80', 'B1NWU4_ACTEQ/31-80', 'B1NWU3_ACTEQ/31-80', 'B1NWU2_ACTEQ/31-80', 'B1NWU6_ACTEQ/30-79', 'TXAE1_ACTEQ/31-80', 'B1NWU1_ACTEQ/31-80', 'B1NWT3_9CNID/37-70', 'AETX1_ANEER/3-44', 'TXNA_CONGI/3-45', 'TXRC1_HETCR/3-45', 'TXAM3_ANTMC/29-71', 'TXCN3_BUNCN/3-46', 'TXCN2_BUNCN/3-46', 'TXCAN_BUNCN/3-46', 'TXC3_BUNCI/3-46', 'TX3_BUNGR/3-46', 'TX2_BUNGR/3-46', 'GIG2_STIGI/33-72', 'TXD1B_BUNCN/3-45', 'TXD1A_BUNCN/3-45', 'B1NWT5_9CNID/39-80', 'TXA1_ANESU/3-44', '1atx', 'TXA11_ANTEL/3-45', 'TXA12_ANTEL/3-45', 'TX1_ANTXA/3-45', 'TX5_ANTXA/3-45', 'TX3_ANTXA/3-45', 'TX2_ANTXA/3-45', 'TXAB_ANTXA/3-47', '1apf', 'TXA22_ANTEL/3-45', 'TXA1_ANTFU/3-45', 'TXA5_ANESU/3-45', 'TXA2_ANESU/3-45', 'B1NWT7_9CNID/35-77', 'B1NWR3_9CNID/36-78', 'B1NWR0_9CNID/36-78', 'TX4_ANTXA/3-45', 'TXAC_ANTEL/3-45', 'TXA2_ANTFU/4-46', 'TXA21_ANTEL/3-45', 'TX6_ANTXA/3-47', 'TXH7_ANTS7/3-45', 'TXH2_ANTS7/3-45', 'TXH8_ANTS7/3-45', 'TXH16_ANTS7/3-45', 'TXAA_ANTXA/3-47', 'TX7_ANTXA/3-47', '1ahl'])
('Left', ['A7SCE0_NEMVE/16-58'])
('Right', ['A7SCE0_NEMVE/16-58', 'A7SCD9_NEMVE/16-58', 'B5L634_NEMVE/41-83', 'B1NWT2_NEMVE/41-81', 'B5L636_NEMVE/41-81', 'B1NWT1_NEMVE/41-81', 'HAL_HALCG/2-44', 'D0VLT9_URTCR/36-77', 'TXA2_HETCR/2-44', 'TXA1_HETCR/2-44', 'TXA2_RADPA/2-44', 'SHTX4_STIHA/37-79', 'TXA5_HETCR/2-44', 'TXA4_HETCR/2-44', 'TXA3_RADPA/2-44', 'TXA3_HETCR/2-44', 'GIG3_STIGI/37-79', 'D2KX92_9CNID/37-79', 'D2KX91_9CNID/37-79', 'D2KX90_9CNID/37-79', 'TXA1_STOHE/2-44', '1sh1', '1bds', 'TXCL2_CALPA/35-76', 'TXCL1_CALPA/35-76', 'B1NWU5_ACTEQ/31-80', 'B1NWU4_ACTEQ/31-80', 'B1NWU3_ACTEQ/31-80', 'B1NWU2_ACTEQ/31-80', 'B1NWU6_ACTEQ/30-79', 'TXAE1_ACTEQ/31-80', 'B1NWU1_ACTEQ/31-80', 'B1NWT3_9CNID/37-70', 'AETX1_ANEER/3-44', 'TXNA_CONGI/3-45', 'TXRC1_HETCR/3-45', 'TXAM3_ANTMC/29-71', 'TXCN3_BUNCN/3-46', 'TXCN2_BUNCN/3-46', 'TXCAN_BUNCN/3-46', 'TXC3_BUNCI/3-46', 'TX3_BUNGR/3-46', 'TX2_BUNGR/3-46', 'GIG2_STIGI/33-72', 'TXD1B_BUNCN/3-45', 'TXD1A_BUNCN/3-45', 'B1NWT5_9CNID/39-80', 'TXA1_ANESU/3-44', '1atx', 'TXA11_ANTEL/3-45', 'TXA12_ANTEL/3-45', 'TX1_ANTXA/3-45', 'TX5_ANTXA/3-45', 'TX3_ANTXA/3-45', 'TX2_ANTXA/3-45', 'TXAB_ANTXA/3-47', '1apf', 'TXA22_ANTEL/3-45', 'TXA1_ANTFU/3-45', 'TXA5_ANESU/3-45', 'TXA2_ANESU/3-45', 'B1NWT7_9CNID/35-77', 'B1NWR3_9CNID/36-78', 'B1NWR0_9CNID/36-78', 'TX4_ANTXA/3-45', 'TXAC_ANTEL/3-45', 'TXA2_ANTFU/4-46', 'TXA21_ANTEL/3-45', 'TX6_ANTXA/3-47', 'TXH7_ANTS7/3-45', 'TXH2_ANTS7/3-45', 'TXH8_ANTS7/3-45', 'TXH16_ANTS7/3-45', 'TXAA_ANTXA/3-47', 'TX7_ANTXA/3-47', '1ahl'])
('Left', ['A7SCE1_NEMVE/16-58'])
('Right', ['A7SCE1_NEMVE/16-58', 'A7SCE0_NEMVE/16-58', 'A7SCD9_NEMVE/16-58', 'B5L634_NEMVE/41-83', 'B1NWT2_NEMVE/41-81', 'B5L636_NEMVE/41-81', 'B1NWT1_NEMVE/41-81', 'HAL_HALCG/2-44', 'D0VLT9_URTCR/36-77', 'TXA2_HETCR/2-44', 'TXA1_HETCR/2-44', 'TXA2_RADPA/2-44', 'SHTX4_STIHA/37-79', 'TXA5_HETCR/2-44', 'TXA4_HETCR/2-44', 'TXA3_RADPA/2-44', 'TXA3_HETCR/2-44', 'GIG3_STIGI/37-79', 'D2KX92_9CNID/37-79', 'D2KX91_9CNID/37-79', 'D2KX90_9CNID/37-79', 'TXA1_STOHE/2-44', '1sh1', '1bds', 'TXCL2_CALPA/35-76', 'TXCL1_CALPA/35-76', 'B1NWU5_ACTEQ/31-80', 'B1NWU4_ACTEQ/31-80', 'B1NWU3_ACTEQ/31-80', 'B1NWU2_ACTEQ/31-80', 'B1NWU6_ACTEQ/30-79', 'TXAE1_ACTEQ/31-80', 'B1NWU1_ACTEQ/31-80', 'B1NWT3_9CNID/37-70', 'AETX1_ANEER/3-44', 'TXNA_CONGI/3-45', 'TXRC1_HETCR/3-45', 'TXAM3_ANTMC/29-71', 'TXCN3_BUNCN/3-46', 'TXCN2_BUNCN/3-46', 'TXCAN_BUNCN/3-46', 'TXC3_BUNCI/3-46', 'TX3_BUNGR/3-46', 'TX2_BUNGR/3-46', 'GIG2_STIGI/33-72', 'TXD1B_BUNCN/3-45', 'TXD1A_BUNCN/3-45', 'B1NWT5_9CNID/39-80', 'TXA1_ANESU/3-44', '1atx', 'TXA11_ANTEL/3-45', 'TXA12_ANTEL/3-45', 'TX1_ANTXA/3-45', 'TX5_ANTXA/3-45', 'TX3_ANTXA/3-45', 'TX2_ANTXA/3-45', 'TXAB_ANTXA/3-47', '1apf', 'TXA22_ANTEL/3-45', 'TXA1_ANTFU/3-45', 'TXA5_ANESU/3-45', 'TXA2_ANESU/3-45', 'B1NWT7_9CNID/35-77', 'B1NWR3_9CNID/36-78', 'B1NWR0_9CNID/36-78', 'TX4_ANTXA/3-45', 'TXAC_ANTEL/3-45', 'TXA2_ANTFU/4-46', 'TXA21_ANTEL/3-45', 'TX6_ANTXA/3-47', 'TXH7_ANTS7/3-45', 'TXH2_ANTS7/3-45', 'TXH8_ANTS7/3-45', 'TXH16_ANTS7/3-45', 'TXAA_ANTXA/3-47', 'TX7_ANTXA/3-47', '1ahl'])
('Left', ['A7SCE5_NEMVE/16-58'])
('Right', ['A7SCE5_NEMVE/16-58', 'A7SCE1_NEMVE/16-58', 'A7SCE0_NEMVE/16-58', 'A7SCD9_NEMVE/16-58', 'B5L634_NEMVE/41-83', 'B1NWT2_NEMVE/41-81', 'B5L636_NEMVE/41-81', 'B1NWT1_NEMVE/41-81', 'HAL_HALCG/2-44', 'D0VLT9_URTCR/36-77', 'TXA2_HETCR/2-44', 'TXA1_HETCR/2-44', 'TXA2_RADPA/2-44', 'SHTX4_STIHA/37-79', 'TXA5_HETCR/2-44', 'TXA4_HETCR/2-44', 'TXA3_RADPA/2-44', 'TXA3_HETCR/2-44', 'GIG3_STIGI/37-79', 'D2KX92_9CNID/37-79', 'D2KX91_9CNID/37-79', 'D2KX90_9CNID/37-79', 'TXA1_STOHE/2-44', '1sh1', '1bds', 'TXCL2_CALPA/35-76', 'TXCL1_CALPA/35-76', 'B1NWU5_ACTEQ/31-80', 'B1NWU4_ACTEQ/31-80', 'B1NWU3_ACTEQ/31-80', 'B1NWU2_ACTEQ/31-80', 'B1NWU6_ACTEQ/30-79', 'TXAE1_ACTEQ/31-80', 'B1NWU1_ACTEQ/31-80', 'B1NWT3_9CNID/37-70', 'AETX1_ANEER/3-44', 'TXNA_CONGI/3-45', 'TXRC1_HETCR/3-45', 'TXAM3_ANTMC/29-71', 'TXCN3_BUNCN/3-46', 'TXCN2_BUNCN/3-46', 'TXCAN_BUNCN/3-46', 'TXC3_BUNCI/3-46', 'TX3_BUNGR/3-46', 'TX2_BUNGR/3-46', 'GIG2_STIGI/33-72', 'TXD1B_BUNCN/3-45', 'TXD1A_BUNCN/3-45', 'B1NWT5_9CNID/39-80', 'TXA1_ANESU/3-44', '1atx', 'TXA11_ANTEL/3-45', 'TXA12_ANTEL/3-45', 'TX1_ANTXA/3-45', 'TX5_ANTXA/3-45', 'TX3_ANTXA/3-45', 'TX2_ANTXA/3-45', 'TXAB_ANTXA/3-47', '1apf', 'TXA22_ANTEL/3-45', 'TXA1_ANTFU/3-45', 'TXA5_ANESU/3-45', 'TXA2_ANESU/3-45', 'B1NWT7_9CNID/35-77', 'B1NWR3_9CNID/36-78', 'B1NWR0_9CNID/36-78', 'TX4_ANTXA/3-45', 'TXAC_ANTEL/3-45', 'TXA2_ANTFU/4-46', 'TXA21_ANTEL/3-45', 'TX6_ANTXA/3-47', 'TXH7_ANTS7/3-45', 'TXH2_ANTS7/3-45', 'TXH8_ANTS7/3-45', 'TXH16_ANTS7/3-45', 'TXAA_ANTXA/3-47', 'TX7_ANTXA/3-47', '1ahl'])
('Left', ['B1NWR6_NEMVE/41-83'])
('Right', ['B1NWR6_NEMVE/41-83', 'A7SCE5_NEMVE/16-58', 'A7SCE1_NEMVE/16-58', 'A7SCE0_NEMVE/16-58', 'A7SCD9_NEMVE/16-58', 'B5L634_NEMVE/41-83', 'B1NWT2_NEMVE/41-81', 'B5L636_NEMVE/41-81', 'B1NWT1_NEMVE/41-81', 'HAL_HALCG/2-44', 'D0VLT9_URTCR/36-77', 'TXA2_HETCR/2-44', 'TXA1_HETCR/2-44', 'TXA2_RADPA/2-44', 'SHTX4_STIHA/37-79', 'TXA5_HETCR/2-44', 'TXA4_HETCR/2-44', 'TXA3_RADPA/2-44', 'TXA3_HETCR/2-44', 'GIG3_STIGI/37-79', 'D2KX92_9CNID/37-79', 'D2KX91_9CNID/37-79', 'D2KX90_9CNID/37-79', 'TXA1_STOHE/2-44', '1sh1', '1bds', 'TXCL2_CALPA/35-76', 'TXCL1_CALPA/35-76', 'B1NWU5_ACTEQ/31-80', 'B1NWU4_ACTEQ/31-80', 'B1NWU3_ACTEQ/31-80', 'B1NWU2_ACTEQ/31-80', 'B1NWU6_ACTEQ/30-79', 'TXAE1_ACTEQ/31-80', 'B1NWU1_ACTEQ/31-80', 'B1NWT3_9CNID/37-70', 'AETX1_ANEER/3-44', 'TXNA_CONGI/3-45', 'TXRC1_HETCR/3-45', 'TXAM3_ANTMC/29-71', 'TXCN3_BUNCN/3-46', 'TXCN2_BUNCN/3-46', 'TXCAN_BUNCN/3-46', 'TXC3_BUNCI/3-46', 'TX3_BUNGR/3-46', 'TX2_BUNGR/3-46', 'GIG2_STIGI/33-72', 'TXD1B_BUNCN/3-45', 'TXD1A_BUNCN/3-45', 'B1NWT5_9CNID/39-80', 'TXA1_ANESU/3-44', '1atx', 'TXA11_ANTEL/3-45', 'TXA12_ANTEL/3-45', 'TX1_ANTXA/3-45', 'TX5_ANTXA/3-45', 'TX3_ANTXA/3-45', 'TX2_ANTXA/3-45', 'TXAB_ANTXA/3-47', '1apf', 'TXA22_ANTEL/3-45', 'TXA1_ANTFU/3-45', 'TXA5_ANESU/3-45', 'TXA2_ANESU/3-45', 'B1NWT7_9CNID/35-77', 'B1NWR3_9CNID/36-78', 'B1NWR0_9CNID/36-78', 'TX4_ANTXA/3-45', 'TXAC_ANTEL/3-45', 'TXA2_ANTFU/4-46', 'TXA21_ANTEL/3-45', 'TX6_ANTXA/3-47', 'TXH7_ANTS7/3-45', 'TXH2_ANTS7/3-45', 'TXH8_ANTS7/3-45', 'TXH16_ANTS7/3-45', 'TXAA_ANTXA/3-47', 'TX7_ANTXA/3-47', '1ahl'])
('Left', ['B1NWR7_NEMVE/41-83'])
('Right', ['B1NWR7_NEMVE/41-83', 'B1NWR6_NEMVE/41-83', 'A7SCE5_NEMVE/16-58', 'A7SCE1_NEMVE/16-58', 'A7SCE0_NEMVE/16-58', 'A7SCD9_NEMVE/16-58', 'B5L634_NEMVE/41-83', 'B1NWT2_NEMVE/41-81', 'B5L636_NEMVE/41-81', 'B1NWT1_NEMVE/41-81', 'HAL_HALCG/2-44', 'D0VLT9_URTCR/36-77', 'TXA2_HETCR/2-44', 'TXA1_HETCR/2-44', 'TXA2_RADPA/2-44', 'SHTX4_STIHA/37-79', 'TXA5_HETCR/2-44', 'TXA4_HETCR/2-44', 'TXA3_RADPA/2-44', 'TXA3_HETCR/2-44', 'GIG3_STIGI/37-79', 'D2KX92_9CNID/37-79', 'D2KX91_9CNID/37-79', 'D2KX90_9CNID/37-79', 'TXA1_STOHE/2-44', '1sh1', '1bds', 'TXCL2_CALPA/35-76', 'TXCL1_CALPA/35-76', 'B1NWU5_ACTEQ/31-80', 'B1NWU4_ACTEQ/31-80', 'B1NWU3_ACTEQ/31-80', 'B1NWU2_ACTEQ/31-80', 'B1NWU6_ACTEQ/30-79', 'TXAE1_ACTEQ/31-80', 'B1NWU1_ACTEQ/31-80', 'B1NWT3_9CNID/37-70', 'AETX1_ANEER/3-44', 'TXNA_CONGI/3-45', 'TXRC1_HETCR/3-45', 'TXAM3_ANTMC/29-71', 'TXCN3_BUNCN/3-46', 'TXCN2_BUNCN/3-46', 'TXCAN_BUNCN/3-46', 'TXC3_BUNCI/3-46', 'TX3_BUNGR/3-46', 'TX2_BUNGR/3-46', 'GIG2_STIGI/33-72', 'TXD1B_BUNCN/3-45', 'TXD1A_BUNCN/3-45', 'B1NWT5_9CNID/39-80', 'TXA1_ANESU/3-44', '1atx', 'TXA11_ANTEL/3-45', 'TXA12_ANTEL/3-45', 'TX1_ANTXA/3-45', 'TX5_ANTXA/3-45', 'TX3_ANTXA/3-45', 'TX2_ANTXA/3-45', 'TXAB_ANTXA/3-47', '1apf', 'TXA22_ANTEL/3-45', 'TXA1_ANTFU/3-45', 'TXA5_ANESU/3-45', 'TXA2_ANESU/3-45', 'B1NWT7_9CNID/35-77', 'B1NWR3_9CNID/36-78', 'B1NWR0_9CNID/36-78', 'TX4_ANTXA/3-45', 'TXAC_ANTEL/3-45', 'TXA2_ANTFU/4-46', 'TXA21_ANTEL/3-45', 'TX6_ANTXA/3-47', 'TXH7_ANTS7/3-45', 'TXH2_ANTS7/3-45', 'TXH8_ANTS7/3-45', 'TXH16_ANTS7/3-45', 'TXAA_ANTXA/3-47', 'TX7_ANTXA/3-47', '1ahl'])
('Left', ['B1NWR8_NEMVE/41-83'])
('Right', ['B1NWR8_NEMVE/41-83', 'B1NWR7_NEMVE/41-83', 'B1NWR6_NEMVE/41-83', 'A7SCE5_NEMVE/16-58', 'A7SCE1_NEMVE/16-58', 'A7SCE0_NEMVE/16-58', 'A7SCD9_NEMVE/16-58', 'B5L634_NEMVE/41-83', 'B1NWT2_NEMVE/41-81', 'B5L636_NEMVE/41-81', 'B1NWT1_NEMVE/41-81', 'HAL_HALCG/2-44', 'D0VLT9_URTCR/36-77', 'TXA2_HETCR/2-44', 'TXA1_HETCR/2-44', 'TXA2_RADPA/2-44', 'SHTX4_STIHA/37-79', 'TXA5_HETCR/2-44', 'TXA4_HETCR/2-44', 'TXA3_RADPA/2-44', 'TXA3_HETCR/2-44', 'GIG3_STIGI/37-79', 'D2KX92_9CNID/37-79', 'D2KX91_9CNID/37-79', 'D2KX90_9CNID/37-79', 'TXA1_STOHE/2-44', '1sh1', '1bds', 'TXCL2_CALPA/35-76', 'TXCL1_CALPA/35-76', 'B1NWU5_ACTEQ/31-80', 'B1NWU4_ACTEQ/31-80', 'B1NWU3_ACTEQ/31-80', 'B1NWU2_ACTEQ/31-80', 'B1NWU6_ACTEQ/30-79', 'TXAE1_ACTEQ/31-80', 'B1NWU1_ACTEQ/31-80', 'B1NWT3_9CNID/37-70', 'AETX1_ANEER/3-44', 'TXNA_CONGI/3-45', 'TXRC1_HETCR/3-45', 'TXAM3_ANTMC/29-71', 'TXCN3_BUNCN/3-46', 'TXCN2_BUNCN/3-46', 'TXCAN_BUNCN/3-46', 'TXC3_BUNCI/3-46', 'TX3_BUNGR/3-46', 'TX2_BUNGR/3-46', 'GIG2_STIGI/33-72', 'TXD1B_BUNCN/3-45', 'TXD1A_BUNCN/3-45', 'B1NWT5_9CNID/39-80', 'TXA1_ANESU/3-44', '1atx', 'TXA11_ANTEL/3-45', 'TXA12_ANTEL/3-45', 'TX1_ANTXA/3-45', 'TX5_ANTXA/3-45', 'TX3_ANTXA/3-45', 'TX2_ANTXA/3-45', 'TXAB_ANTXA/3-47', '1apf', 'TXA22_ANTEL/3-45', 'TXA1_ANTFU/3-45', 'TXA5_ANESU/3-45', 'TXA2_ANESU/3-45', 'B1NWT7_9CNID/35-77', 'B1NWR3_9CNID/36-78', 'B1NWR0_9CNID/36-78', 'TX4_ANTXA/3-45', 'TXAC_ANTEL/3-45', 'TXA2_ANTFU/4-46', 'TXA21_ANTEL/3-45', 'TX6_ANTXA/3-47', 'TXH7_ANTS7/3-45', 'TXH2_ANTS7/3-45', 'TXH8_ANTS7/3-45', 'TXH16_ANTS7/3-45', 'TXAA_ANTXA/3-47', 'TX7_ANTXA/3-47', '1ahl'])
('Left', ['B1NWR9_NEMVE/41-83'])
('Right', ['B1NWR9_NEMVE/41-83', 'B1NWR8_NEMVE/41-83', 'B1NWR7_NEMVE/41-83', 'B1NWR6_NEMVE/41-83', 'A7SCE5_NEMVE/16-58', 'A7SCE1_NEMVE/16-58', 'A7SCE0_NEMVE/16-58', 'A7SCD9_NEMVE/16-58', 'B5L634_NEMVE/41-83', 'B1NWT2_NEMVE/41-81', 'B5L636_NEMVE/41-81', 'B1NWT1_NEMVE/41-81', 'HAL_HALCG/2-44', 'D0VLT9_URTCR/36-77', 'TXA2_HETCR/2-44', 'TXA1_HETCR/2-44', 'TXA2_RADPA/2-44', 'SHTX4_STIHA/37-79', 'TXA5_HETCR/2-44', 'TXA4_HETCR/2-44', 'TXA3_RADPA/2-44', 'TXA3_HETCR/2-44', 'GIG3_STIGI/37-79', 'D2KX92_9CNID/37-79', 'D2KX91_9CNID/37-79', 'D2KX90_9CNID/37-79', 'TXA1_STOHE/2-44', '1sh1', '1bds', 'TXCL2_CALPA/35-76', 'TXCL1_CALPA/35-76', 'B1NWU5_ACTEQ/31-80', 'B1NWU4_ACTEQ/31-80', 'B1NWU3_ACTEQ/31-80', 'B1NWU2_ACTEQ/31-80', 'B1NWU6_ACTEQ/30-79', 'TXAE1_ACTEQ/31-80', 'B1NWU1_ACTEQ/31-80', 'B1NWT3_9CNID/37-70', 'AETX1_ANEER/3-44', 'TXNA_CONGI/3-45', 'TXRC1_HETCR/3-45', 'TXAM3_ANTMC/29-71', 'TXCN3_BUNCN/3-46', 'TXCN2_BUNCN/3-46', 'TXCAN_BUNCN/3-46', 'TXC3_BUNCI/3-46', 'TX3_BUNGR/3-46', 'TX2_BUNGR/3-46', 'GIG2_STIGI/33-72', 'TXD1B_BUNCN/3-45', 'TXD1A_BUNCN/3-45', 'B1NWT5_9CNID/39-80', 'TXA1_ANESU/3-44', '1atx', 'TXA11_ANTEL/3-45', 'TXA12_ANTEL/3-45', 'TX1_ANTXA/3-45', 'TX5_ANTXA/3-45', 'TX3_ANTXA/3-45', 'TX2_ANTXA/3-45', 'TXAB_ANTXA/3-47', '1apf', 'TXA22_ANTEL/3-45', 'TXA1_ANTFU/3-45', 'TXA5_ANESU/3-45', 'TXA2_ANESU/3-45', 'B1NWT7_9CNID/35-77', 'B1NWR3_9CNID/36-78', 'B1NWR0_9CNID/36-78', 'TX4_ANTXA/3-45', 'TXAC_ANTEL/3-45', 'TXA2_ANTFU/4-46', 'TXA21_ANTEL/3-45', 'TX6_ANTXA/3-47', 'TXH7_ANTS7/3-45', 'TXH2_ANTS7/3-45', 'TXH8_ANTS7/3-45', 'TXH16_ANTS7/3-45', 'TXAA_ANTXA/3-47', 'TX7_ANTXA/3-47', '1ahl'])
('Left', ['B1NWS1_NEMVE/41-83'])
('Right', ['B1NWS1_NEMVE/41-83', 'B1NWR9_NEMVE/41-83', 'B1NWR8_NEMVE/41-83', 'B1NWR7_NEMVE/41-83', 'B1NWR6_NEMVE/41-83', 'A7SCE5_NEMVE/16-58', 'A7SCE1_NEMVE/16-58', 'A7SCE0_NEMVE/16-58', 'A7SCD9_NEMVE/16-58', 'B5L634_NEMVE/41-83', 'B1NWT2_NEMVE/41-81', 'B5L636_NEMVE/41-81', 'B1NWT1_NEMVE/41-81', 'HAL_HALCG/2-44', 'D0VLT9_URTCR/36-77', 'TXA2_HETCR/2-44', 'TXA1_HETCR/2-44', 'TXA2_RADPA/2-44', 'SHTX4_STIHA/37-79', 'TXA5_HETCR/2-44', 'TXA4_HETCR/2-44', 'TXA3_RADPA/2-44', 'TXA3_HETCR/2-44', 'GIG3_STIGI/37-79', 'D2KX92_9CNID/37-79', 'D2KX91_9CNID/37-79', 'D2KX90_9CNID/37-79', 'TXA1_STOHE/2-44', '1sh1', '1bds', 'TXCL2_CALPA/35-76', 'TXCL1_CALPA/35-76', 'B1NWU5_ACTEQ/31-80', 'B1NWU4_ACTEQ/31-80', 'B1NWU3_ACTEQ/31-80', 'B1NWU2_ACTEQ/31-80', 'B1NWU6_ACTEQ/30-79', 'TXAE1_ACTEQ/31-80', 'B1NWU1_ACTEQ/31-80', 'B1NWT3_9CNID/37-70', 'AETX1_ANEER/3-44', 'TXNA_CONGI/3-45', 'TXRC1_HETCR/3-45', 'TXAM3_ANTMC/29-71', 'TXCN3_BUNCN/3-46', 'TXCN2_BUNCN/3-46', 'TXCAN_BUNCN/3-46', 'TXC3_BUNCI/3-46', 'TX3_BUNGR/3-46', 'TX2_BUNGR/3-46', 'GIG2_STIGI/33-72', 'TXD1B_BUNCN/3-45', 'TXD1A_BUNCN/3-45', 'B1NWT5_9CNID/39-80', 'TXA1_ANESU/3-44', '1atx', 'TXA11_ANTEL/3-45', 'TXA12_ANTEL/3-45', 'TX1_ANTXA/3-45', 'TX5_ANTXA/3-45', 'TX3_ANTXA/3-45', 'TX2_ANTXA/3-45', 'TXAB_ANTXA/3-47', '1apf', 'TXA22_ANTEL/3-45', 'TXA1_ANTFU/3-45', 'TXA5_ANESU/3-45', 'TXA2_ANESU/3-45', 'B1NWT7_9CNID/35-77', 'B1NWR3_9CNID/36-78', 'B1NWR0_9CNID/36-78', 'TX4_ANTXA/3-45', 'TXAC_ANTEL/3-45', 'TXA2_ANTFU/4-46', 'TXA21_ANTEL/3-45', 'TX6_ANTXA/3-47', 'TXH7_ANTS7/3-45', 'TXH2_ANTS7/3-45', 'TXH8_ANTS7/3-45', 'TXH16_ANTS7/3-45', 'TXAA_ANTXA/3-47', 'TX7_ANTXA/3-47', '1ahl'])
('Left', ['B1NWS2_NEMVE/41-83'])
('Right', ['B1NWS2_NEMVE/41-83', 'B1NWS1_NEMVE/41-83', 'B1NWR9_NEMVE/41-83', 'B1NWR8_NEMVE/41-83', 'B1NWR7_NEMVE/41-83', 'B1NWR6_NEMVE/41-83', 'A7SCE5_NEMVE/16-58', 'A7SCE1_NEMVE/16-58', 'A7SCE0_NEMVE/16-58', 'A7SCD9_NEMVE/16-58', 'B5L634_NEMVE/41-83', 'B1NWT2_NEMVE/41-81', 'B5L636_NEMVE/41-81', 'B1NWT1_NEMVE/41-81', 'HAL_HALCG/2-44', 'D0VLT9_URTCR/36-77', 'TXA2_HETCR/2-44', 'TXA1_HETCR/2-44', 'TXA2_RADPA/2-44', 'SHTX4_STIHA/37-79', 'TXA5_HETCR/2-44', 'TXA4_HETCR/2-44', 'TXA3_RADPA/2-44', 'TXA3_HETCR/2-44', 'GIG3_STIGI/37-79', 'D2KX92_9CNID/37-79', 'D2KX91_9CNID/37-79', 'D2KX90_9CNID/37-79', 'TXA1_STOHE/2-44', '1sh1', '1bds', 'TXCL2_CALPA/35-76', 'TXCL1_CALPA/35-76', 'B1NWU5_ACTEQ/31-80', 'B1NWU4_ACTEQ/31-80', 'B1NWU3_ACTEQ/31-80', 'B1NWU2_ACTEQ/31-80', 'B1NWU6_ACTEQ/30-79', 'TXAE1_ACTEQ/31-80', 'B1NWU1_ACTEQ/31-80', 'B1NWT3_9CNID/37-70', 'AETX1_ANEER/3-44', 'TXNA_CONGI/3-45', 'TXRC1_HETCR/3-45', 'TXAM3_ANTMC/29-71', 'TXCN3_BUNCN/3-46', 'TXCN2_BUNCN/3-46', 'TXCAN_BUNCN/3-46', 'TXC3_BUNCI/3-46', 'TX3_BUNGR/3-46', 'TX2_BUNGR/3-46', 'GIG2_STIGI/33-72', 'TXD1B_BUNCN/3-45', 'TXD1A_BUNCN/3-45', 'B1NWT5_9CNID/39-80', 'TXA1_ANESU/3-44', '1atx', 'TXA11_ANTEL/3-45', 'TXA12_ANTEL/3-45', 'TX1_ANTXA/3-45', 'TX5_ANTXA/3-45', 'TX3_ANTXA/3-45', 'TX2_ANTXA/3-45', 'TXAB_ANTXA/3-47', '1apf', 'TXA22_ANTEL/3-45', 'TXA1_ANTFU/3-45', 'TXA5_ANESU/3-45', 'TXA2_ANESU/3-45', 'B1NWT7_9CNID/35-77', 'B1NWR3_9CNID/36-78', 'B1NWR0_9CNID/36-78', 'TX4_ANTXA/3-45', 'TXAC_ANTEL/3-45', 'TXA2_ANTFU/4-46', 'TXA21_ANTEL/3-45', 'TX6_ANTXA/3-47', 'TXH7_ANTS7/3-45', 'TXH2_ANTS7/3-45', 'TXH8_ANTS7/3-45', 'TXH16_ANTS7/3-45', 'TXAA_ANTXA/3-47', 'TX7_ANTXA/3-47', '1ahl'])
('Left', ['B1NWS3_NEMVE/41-83'])
('Right', ['B1NWS3_NEMVE/41-83', 'B1NWS2_NEMVE/41-83', 'B1NWS1_NEMVE/41-83', 'B1NWR9_NEMVE/41-83', 'B1NWR8_NEMVE/41-83', 'B1NWR7_NEMVE/41-83', 'B1NWR6_NEMVE/41-83', 'A7SCE5_NEMVE/16-58', 'A7SCE1_NEMVE/16-58', 'A7SCE0_NEMVE/16-58', 'A7SCD9_NEMVE/16-58', 'B5L634_NEMVE/41-83', 'B1NWT2_NEMVE/41-81', 'B5L636_NEMVE/41-81', 'B1NWT1_NEMVE/41-81', 'HAL_HALCG/2-44', 'D0VLT9_URTCR/36-77', 'TXA2_HETCR/2-44', 'TXA1_HETCR/2-44', 'TXA2_RADPA/2-44', 'SHTX4_STIHA/37-79', 'TXA5_HETCR/2-44', 'TXA4_HETCR/2-44', 'TXA3_RADPA/2-44', 'TXA3_HETCR/2-44', 'GIG3_STIGI/37-79', 'D2KX92_9CNID/37-79', 'D2KX91_9CNID/37-79', 'D2KX90_9CNID/37-79', 'TXA1_STOHE/2-44', '1sh1', '1bds', 'TXCL2_CALPA/35-76', 'TXCL1_CALPA/35-76', 'B1NWU5_ACTEQ/31-80', 'B1NWU4_ACTEQ/31-80', 'B1NWU3_ACTEQ/31-80', 'B1NWU2_ACTEQ/31-80', 'B1NWU6_ACTEQ/30-79', 'TXAE1_ACTEQ/31-80', 'B1NWU1_ACTEQ/31-80', 'B1NWT3_9CNID/37-70', 'AETX1_ANEER/3-44', 'TXNA_CONGI/3-45', 'TXRC1_HETCR/3-45', 'TXAM3_ANTMC/29-71', 'TXCN3_BUNCN/3-46', 'TXCN2_BUNCN/3-46', 'TXCAN_BUNCN/3-46', 'TXC3_BUNCI/3-46', 'TX3_BUNGR/3-46', 'TX2_BUNGR/3-46', 'GIG2_STIGI/33-72', 'TXD1B_BUNCN/3-45', 'TXD1A_BUNCN/3-45', 'B1NWT5_9CNID/39-80', 'TXA1_ANESU/3-44', '1atx', 'TXA11_ANTEL/3-45', 'TXA12_ANTEL/3-45', 'TX1_ANTXA/3-45', 'TX5_ANTXA/3-45', 'TX3_ANTXA/3-45', 'TX2_ANTXA/3-45', 'TXAB_ANTXA/3-47', '1apf', 'TXA22_ANTEL/3-45', 'TXA1_ANTFU/3-45', 'TXA5_ANESU/3-45', 'TXA2_ANESU/3-45', 'B1NWT7_9CNID/35-77', 'B1NWR3_9CNID/36-78', 'B1NWR0_9CNID/36-78', 'TX4_ANTXA/3-45', 'TXAC_ANTEL/3-45', 'TXA2_ANTFU/4-46', 'TXA21_ANTEL/3-45', 'TX6_ANTXA/3-47', 'TXH7_ANTS7/3-45', 'TXH2_ANTS7/3-45', 'TXH8_ANTS7/3-45', 'TXH16_ANTS7/3-45', 'TXAA_ANTXA/3-47', 'TX7_ANTXA/3-47', '1ahl'])
('Left', ['B5L633_NEMVE/41-83', 'B1NWT0_NEMVE/41-83', 'B1NWS9_NEMVE/41-83', 'B1NWS8_NEMVE/41-83', 'B1NWS7_NEMVE/41-83', 'B1NWS6_NEMVE/41-83', 'B1NWS5_NEMVE/41-83', 'B1NWS4_NEMVE/41-83'])
('Right', ['B5L633_NEMVE/41-83', 'B1NWT0_NEMVE/41-83', 'B1NWS9_NEMVE/41-83', 'B1NWS8_NEMVE/41-83', 'B1NWS7_NEMVE/41-83', 'B1NWS6_NEMVE/41-83', 'B1NWS5_NEMVE/41-83', 'B1NWS4_NEMVE/41-83', 'B1NWS3_NEMVE/41-83', 'B1NWS2_NEMVE/41-83', 'B1NWS1_NEMVE/41-83', 'B1NWR9_NEMVE/41-83', 'B1NWR8_NEMVE/41-83', 'B1NWR7_NEMVE/41-83', 'B1NWR6_NEMVE/41-83', 'A7SCE5_NEMVE/16-58', 'A7SCE1_NEMVE/16-58', 'A7SCE0_NEMVE/16-58', 'A7SCD9_NEMVE/16-58', 'B5L634_NEMVE/41-83', 'B1NWT2_NEMVE/41-81', 'B5L636_NEMVE/41-81', 'B1NWT1_NEMVE/41-81', 'HAL_HALCG/2-44', 'D0VLT9_URTCR/36-77', 'TXA2_HETCR/2-44', 'TXA1_HETCR/2-44', 'TXA2_RADPA/2-44', 'SHTX4_STIHA/37-79', 'TXA5_HETCR/2-44', 'TXA4_HETCR/2-44', 'TXA3_RADPA/2-44', 'TXA3_HETCR/2-44', 'GIG3_STIGI/37-79', 'D2KX92_9CNID/37-79', 'D2KX91_9CNID/37-79', 'D2KX90_9CNID/37-79', 'TXA1_STOHE/2-44', '1sh1', '1bds', 'TXCL2_CALPA/35-76', 'TXCL1_CALPA/35-76', 'B1NWU5_ACTEQ/31-80', 'B1NWU4_ACTEQ/31-80', 'B1NWU3_ACTEQ/31-80', 'B1NWU2_ACTEQ/31-80', 'B1NWU6_ACTEQ/30-79', 'TXAE1_ACTEQ/31-80', 'B1NWU1_ACTEQ/31-80', 'B1NWT3_9CNID/37-70', 'AETX1_ANEER/3-44', 'TXNA_CONGI/3-45', 'TXRC1_HETCR/3-45', 'TXAM3_ANTMC/29-71', 'TXCN3_BUNCN/3-46', 'TXCN2_BUNCN/3-46', 'TXCAN_BUNCN/3-46', 'TXC3_BUNCI/3-46', 'TX3_BUNGR/3-46', 'TX2_BUNGR/3-46', 'GIG2_STIGI/33-72', 'TXD1B_BUNCN/3-45', 'TXD1A_BUNCN/3-45', 'B1NWT5_9CNID/39-80', 'TXA1_ANESU/3-44', '1atx', 'TXA11_ANTEL/3-45', 'TXA12_ANTEL/3-45', 'TX1_ANTXA/3-45', 'TX5_ANTXA/3-45', 'TX3_ANTXA/3-45', 'TX2_ANTXA/3-45', 'TXAB_ANTXA/3-47', '1apf', 'TXA22_ANTEL/3-45', 'TXA1_ANTFU/3-45', 'TXA5_ANESU/3-45', 'TXA2_ANESU/3-45', 'B1NWT7_9CNID/35-77', 'B1NWR3_9CNID/36-78', 'B1NWR0_9CNID/36-78', 'TX4_ANTXA/3-45', 'TXAC_ANTEL/3-45', 'TXA2_ANTFU/4-46', 'TXA21_ANTEL/3-45', 'TX6_ANTXA/3-47', 'TXH7_ANTS7/3-45', 'TXH2_ANTS7/3-45', 'TXH8_ANTS7/3-45', 'TXH16_ANTS7/3-45', 'TXAA_ANTXA/3-47', 'TX7_ANTXA/3-47', '1ahl'])
('Left', [])
