('PC', -8)
('CC', -8)
('MM', -7)
('PH', -6)
('WL', -5)
('WC', -4)
('PP', -4)
('YF', -4)
('VW', -4)
('RR', -3)
('GC', -3)
('PE', -3)
('PM', -3)
('MC', -3)
('NN', -3)
('YC', -3)
('TM', -3)
('TK', -3)
('VM', -3)
('QC', -3)
('WF', -2)
('RC', -2)
('GG', -2)
('HG', -2)
('EE', -2)
('NH', -2)
('KK', -2)
('SA', -2)
('DA', -2)
('TE', -2)
('AA', -2)
('VH', -2)
('WW', -1)
('RK', -1)
('GA', -1)
('SS', -1)
('HH', -1)
('HA', -1)
('HE', -1)
('PQ', -1)
('PA', -1)
('EA', -1)
('MI', -1)
('FC', -1)
('FF', -1)
('NA', -1)
('NG', -1)
('KH', -1)
('DD', -1)
('LM', -1)
('TR', -1)
('TN', -1)
('TH', -1)
('VI', -1)
('II', -1)
('VT', -1)
('QQ', -1)
('QE', -1)
('WI', 0)
('TS', 0)
('WT', 0)
('TP', 0)
('RA', 0)
('GD', 0)
('HC', 0)
('HD', 0)
('PD', 0)
('PK', 0)
('NC', 0)
('ND', 0)
('NE', 0)
('CA', 0)
('KC', 0)
('KA', 0)
('SN', 0)
('SG', 0)
('DE', 0)
('DC', 0)
('YY', 0)
('YW', 0)
('YV', 0)
('LF', 0)
('LL', 0)
('LH', 0)
('LI', 0)
('TA', 0)
('VE', 0)
('VK', 0)
('VL', 0)
('VQ', 0)
('VR', 0)
('VV', 0)
('IF', 0)
('QD', 0)
('QH', 0)
('QK', 0)
('QN', 0)
('WM', 1)
('TQ', 1)
('RE', 1)
('RN', 1)
('EC', 1)
('FA', 1)
('NK', 1)
('KG', 1)
('KE', 1)
('SI', 1)
('SH', 1)
('SE', 1)
('YN', 1)
('TD', 1)
('VA', 1)
('QA', 1)
('QG', 1)
('RS', 2)
('RH', 2)
('HI', 2)
('TT', 2)
('KD', 2)
('KI', 2)
('SK', 2)
('SL', 2)
('YI', 2)
('YL', 2)
('YA', 2)
('YR', 2)
('YT', 2)
('TL', 2)
('TI', 2)
('VD', 2)
('VN', 2)
('VS', 2)
('RQ', 3)
('RD', 3)
('RL', 3)
('SQ', 3)
('WR', 3)
('PG', 3)
('PN', 3)
('PL', 3)
('MF', 3)
('MH', 3)
('SM', 3)
('SC', 3)
('LA', 3)
('LK', 3)
('TG', 3)
('RI', 4)
('SP', 4)
('MK', 4)
('NL', 4)
('SD', 4)
('YH', 4)
('YK', 4)
('YE', 4)
('TF', 4)
('TC', 4)
('VC', 4)
('VF', 4)
('IA', 4)
('IE', 4)
('QI', 4)
('WN', 5)
('WQ', 5)
('RG', 5)
('RM', 5)
('HF', 5)
('LD', 5)
('IC', 5)
('ID', 5)
('QM', 5)
('QL', 5)
('GE', 6)
('VP', 6)
('NI', 6)
('NM', 6)
('KF', 6)
('LE', 6)
('VG', 6)
('RP', 7)
('RF', 7)
('MA', 7)
('FE', 7)
('NF', 7)
('YM', 7)
('YQ', 7)
('YP', 7)
('YS', 7)
('LG', 7)
('LC', 7)
('FD', 8)
('YD', 8)
('QF', 8)
('WA', 9)
('WH', 9)
('ME', 9)
('MD', 9)
('MG', 9)
('SF', 9)
('IG', 9)
('WP', 10)
('PI', 10)
('PF', 12)
('YG', 12)
('WE', 13)
('FG', 13)
('WD', 14)
('WK', 15)
('WG', 17)
('WS', 17)
