('WH', -5)
('GG', -4)
('PH', -4)
('WN', -3)
('WT', -3)
('RQ', -3)
('RN', -3)
('PQ', -3)
('PE', -3)
('ME', -3)
('MH', -3)
('MK', -3)
('DE', -3)
('WA', -2)
('WM', -2)
('WI', -2)
('WS', -2)
('WP', -2)
('RR', -2)
('RC', -2)
('RH', -2)
('RK', -2)
('HC', -2)
('HF', -2)
('PN', -2)
('MD', -2)
('MC', -2)
('MM', -2)
('NA', -2)
('KA', -2)
('KH', -2)
('SN', -2)
('YH', -2)
('YN', -2)
('YE', -2)
('YG', -2)
('VM', -2)
('IE', -2)
('QC', -2)
('QE', -2)
('QG', -2)
('QK', -2)
('QN', -2)
('WD', -1)
('WK', -1)
('RS', -1)
('RE', -1)
('RI', -1)
('SS', -1)
('SQ', -1)
('WR', -1)
('SP', -1)
('HE', -1)
('PP', -1)
('PF', -1)
('PD', -1)
('EA', -1)
('TT', -1)
('NK', -1)
('NL', -1)
('NF', -1)
('KG', -1)
('KD', -1)
('KK', -1)
('SK', -1)
('SH', -1)
('DD', -1)
('LE', -1)
('LK', -1)
('TM', -1)
('TI', -1)
('TC', -1)
('VH', -1)
('VK', -1)
('VN', -1)
('QA', -1)
('QF', -1)
('QI', -1)
('QM', -1)
('TS', 0)
('WW', 0)
('RM', 0)
('GA', 0)
('MA', 0)
('MI', 0)
('FC', 0)
('FF', 0)
('NI', 0)
('NE', 0)
('NG', 0)
('CC', 0)
('KF', 0)
('KE', 0)
('KI', 0)
('SE', 0)
('SD', 0)
('YK', 0)
('YM', 0)
('YQ', 0)
('YR', 0)
('TR', 0)
('LH', 0)
('TA', 0)
('VC', 0)
('VE', 0)
('VF', 0)
('VL', 0)
('II', 0)
('VR', 0)
('IF', 0)
('QD', 0)
('WE', 1)
('WL', 1)
('TQ', 1)
('RD', 1)
('RA', 1)
('HI', 1)
('PG', 1)
('PK', 1)
('PM', 1)
('EE', 1)
('EC', 1)
('FA', 1)
('NC', 1)
('ND', 1)
('YC', 1)
('CA', 1)
('YD', 1)
('SA', 1)
('YY', 1)
('YS', 1)
('LC', 1)
('LA', 1)
('LL', 1)
('LI', 1)
('TL', 1)
('TE', 1)
('AA', 1)
('VA', 1)
('VI', 1)
('VQ', 1)
('VS', 1)
('VT', 1)
('VV', 1)
('VW', 1)
('IA', 1)
('IC', 1)
('QH', 1)
('WQ', 2)
('RL', 2)
('PA', 2)
('MG', 2)
('FE', 2)
('NH', 2)
('YF', 2)
('KC', 2)
('SI', 2)
('SC', 2)
('SG', 2)
('YW', 2)
('LF', 2)
('LG', 2)
('LD', 2)
('TN', 2)
('VD', 2)
('VG', 2)
('ID', 2)
('IG', 2)
('QL', 2)
('RF', 3)
('RG', 3)
('GE', 3)
('VP', 3)
('HA', 3)
('HG', 3)
('HD', 3)
('PL', 3)
('FD', 3)
('NM', 3)
('NN', 3)
('SL', 3)
('SF', 3)
('YP', 3)
('TK', 3)
('WC', 4)
('GD', 4)
('HH', 4)
('MF', 4)
('FG', 4)
('SM', 4)
('YI', 4)
('YL', 4)
('LM', 4)
('QQ', 4)
('TP', 5)
('RP', 5)
('GC', 5)
('PC', 5)
('YA', 5)
('DA', 5)
('YV', 5)
('TH', 5)
('TG', 5)
('TD', 5)
('DC', 6)
('PI', 7)
('YT', 7)
('TF', 7)
('WG', 11)
('WF', 11)
