('SCORE=', 35)
 [Nussinov Table]
  c c c c c c c g g c c g g c a u g g u c c c a g c c u c c u c g c u g g c g c c g g c u g g g c a a c a c c a u u g c a c u c c g g u g g c g a a u g g g g g g
c 0 0 0 0 0 0 0 1 2 2 2 3 4 4 4 5 6 7 7 7 7 7 8 9 9 9 9 9 9 9 9 10 10 10 11 12 12 13 13 13 14 15 15 15 16 17 18 18 19 19 19 19 19 19 19 20 21 22 22 22 22 23 23 23 24 25 26 27 28 28 29 29 29 30 31 32 33 34 34 35
c 0 0 0 0 0 0 0 1 2 2 2 3 4 4 4 5 6 7 7 7 7 7 8 9 9 9 9 9 9 9 9 10 10 10 11 12 12 13 13 13 14 15 15 15 16 17 18 18 19 19 19 19 19 19 19 20 21 22 22 22 22 23 23 23 24 25 26 27 28 28 29 29 29 30 31 32 33 33 34 34
c - 0 0 0 0 0 0 1 2 2 2 3 4 4 4 5 6 7 7 7 7 7 8 9 9 9 9 9 9 9 9 10 10 10 11 12 12 13 13 13 14 15 15 15 16 17 18 18 19 19 19 19 19 19 19 20 21 22 22 22 22 23 23 23 24 25 26 27 28 28 29 29 29 30 31 32 32 33 33 34
c - - 0 0 0 0 0 1 2 2 2 3 4 4 4 5 6 7 7 7 7 7 8 9 9 9 9 9 9 9 9 10 10 10 11 12 12 13 13 13 14 15 15 15 16 17 18 18 19 19 19 19 19 19 19 20 21 22 22 22 22 23 23 23 24 25 26 27 28 28 29 29 29 30 31 31 32 32 33 34
c - - - 0 0 0 0 1 2 2 2 3 4 4 4 5 6 7 7 7 7 7 8 8 9 9 9 9 9 9 9 10 10 10 11 12 12 13 13 13 14 15 15 15 16 17 18 18 19 19 19 19 19 19 19 20 21 22 22 22 22 23 23 23 24 25 26 27 27 28 28 29 29 30 30 31 31 32 33 34
c - - - - 0 0 0 1 2 2 2 3 4 4 4 5 6 6 6 7 7 7 7 8 8 9 9 9 9 9 9 10 10 10 11 12 12 13 13 13 14 15 15 15 16 17 18 18 19 19 19 19 19 19 19 20 21 22 22 22 22 23 23 23 24 25 26 26 27 27 28 28 28 29 30 30 31 32 33 33
c - - - - - 0 0 1 1 2 2 3 3 4 4 5 5 5 5 6 7 7 7 8 8 8 9 9 9 9 9 10 10 10 11 12 12 13 13 13 14 15 15 15 16 17 18 18 18 18 19 19 19 19 19 20 21 21 22 22 22 23 23 23 24 25 25 26 27 27 28 28 28 29 29 30 31 32 32 32
g - - - - - - 0 0 0 1 2 2 2 3 3 4 4 4 4 5 6 7 7 7 8 8 9 9 9 9 9 10 10 10 11 12 12 13 13 13 14 15 15 15 16 17 17 18 18 18 18 18 19 19 19 20 20 21 21 22 22 22 23 23 24 24 25 26 26 27 27 27 28 28 29 30 31 31 31 32
g - - - - - - - 0 0 1 1 2 2 3 3 4 4 4 4 5 6 6 6 7 7 7 8 8 8 8 8 9 9 9 10 11 11 12 12 12 13 14 14 14 15 16 17 17 17 17 18 18 18 18 18 19 20 20 21 21 21 22 22 22 23 24 24 25 26 26 27 27 27 28 28 29 30 31 31 31
c - - - - - - - - 0 0 0 1 2 2 2 3 4 4 4 5 5 5 5 6 6 7 7 7 7 7 7 8 8 8 9 10 10 11 11 11 12 13 13 13 14 15 16 16 17 17 17 17 17 17 17 18 19 20 20 20 20 21 21 21 22 23 24 24 25 25 26 26 26 27 28 28 29 30 31 31
c - - - - - - - - - 0 0 1 1 2 2 3 3 3 3 4 5 5 5 6 6 6 7 7 7 7 7 8 8 8 9 10 10 11 11 11 12 13 13 13 14 15 16 16 16 16 17 17 17 17 17 18 19 19 20 20 20 21 21 21 22 23 23 24 25 25 26 26 26 27 27 28 29 30 30 30
g - - - - - - - - - - 0 0 0 1 1 2 2 2 2 3 4 5 5 5 6 6 7 7 7 7 7 8 8 8 9 10 10 11 11 11 12 13 13 13 14 15 15 16 16 16 16 16 17 17 17 18 18 19 19 20 20 20 21 21 22 22 23 24 24 25 25 25 26 26 27 28 29 29 29 30
g - - - - - - - - - - - 0 0 1 1 2 2 2 2 3 4 4 4 5 5 5 6 6 6 6 6 7 7 7 8 9 9 10 10 10 11 12 12 12 13 14 15 15 15 15 16 16 16 16 16 17 18 18 19 19 19 20 20 20 21 22 22 23 24 24 25 25 25 26 26 27 28 29 29 29
c - - - - - - - - - - - - 0 0 0 1 2 2 2 3 3 3 3 4 4 5 5 5 5 5 5 6 6 6 7 8 8 9 9 9 10 11 11 11 12 13 14 14 15 15 15 15 15 15 15 16 17 18 18 18 18 19 19 19 20 21 22 22 23 23 24 24 24 25 26 26 27 28 29 29
a - - - - - - - - - - - - - 0 0 1 1 1 1 2 3 3 3 4 4 4 5 5 5 5 5 6 6 6 7 8 8 9 9 9 10 11 11 11 12 13 14 14 14 14 15 15 15 15 15 16 17 17 18 18 18 19 19 19 20 21 21 22 23 23 24 24 24 25 25 26 27 28 28 28
u - - - - - - - - - - - - - - 0 0 0 0 0 1 2 2 3 3 4 4 4 4 4 4 4 5 5 5 6 7 7 8 8 8 9 10 10 10 11 12 13 13 14 14 14 15 15 15 15 16 16 17 17 18 18 18 18 18 19 20 21 22 22 23 23 24 24 25 25 25 26 27 27 27
g - - - - - - - - - - - - - - - 0 0 0 0 1 2 2 2 3 3 3 4 4 4 4 4 5 5 5 6 7 7 8 8 8 9 10 10 10 11 12 13 13 13 13 14 14 14 14 14 15 16 16 17 17 17 18 18 18 19 20 20 21 22 22 23 23 23 24 24 25 26 27 27 27
g - - - - - - - - - - - - - - - - 0 0 0 1 1 1 1 2 2 3 3 3 3 3 3 4 4 4 5 6 6 7 7 7 8 9 9 9 10 11 12 12 13 13 13 13 13 13 13 14 15 16 16 16 16 17 17 17 18 19 20 20 21 21 22 22 22 23 24 24 25 26 27 27
u - - - - - - - - - - - - - - - - - 0 0 0 0 0 1 1 2 2 2 2 2 2 2 3 3 3 4 5 5 6 6 6 7 8 8 8 9 10 11 11 12 12 12 12 12 12 12 13 14 15 15 15 15 16 16 16 17 18 19 20 20 21 21 22 22 23 23 24 24 25 26 27
c - - - - - - - - - - - - - - - - - - 0 0 0 0 0 1 1 1 2 2 2 2 2 3 3 3 4 5 5 6 6 6 7 8 8 8 9 10 11 11 11 11 11 11 11 11 12 12 13 14 14 14 14 15 15 15 16 17 18 19 20 20 21 21 21 22 23 24 24 25 26 27
c - - - - - - - - - - - - - - - - - - - 0 0 0 0 1 1 1 2 2 2 2 2 3 3 3 4 5 5 6 6 6 7 8 8 8 9 10 11 11 11 11 11 11 11 11 12 12 13 14 14 14 14 15 15 15 16 17 18 19 20 20 21 21 21 22 23 23 24 25 26 26
c - - - - - - - - - - - - - - - - - - - - 0 0 0 1 1 1 2 2 2 2 2 3 3 3 4 5 5 6 6 6 7 8 8 8 9 10 11 11 11 11 11 11 11 11 12 12 13 14 14 14 14 15 15 15 16 17 18 19 20 20 21 21 21 22 22 23 24 25 25 25
a - - - - - - - - - - - - - - - - - - - - - 0 0 0 1 1 2 2 2 2 2 3 3 3 4 5 5 6 6 6 7 8 8 8 9 10 10 11 11 11 11 11 11 11 12 12 13 14 14 14 14 15 15 15 16 17 18 19 19 20 20 20 21 21 22 23 24 24 24 25
g - - - - - - - - - - - - - - - - - - - - - - 0 0 1 1 1 1 1 1 1 2 2 2 3 4 4 5 5 5 6 7 7 7 8 9 10 10 11 11 11 11 11 11 11 12 13 14 14 14 14 15 15 15 16 17 18 19 19 20 20 20 20 21 22 22 23 24 24 24
c - - - - - - - - - - - - - - - - - - - - - - - 0 0 0 0 0 0 0 0 1 1 1 2 3 3 4 4 4 5 6 6 6 7 8 9 9 10 10 10 10 10 10 10 11 12 13 13 13 13 14 14 14 15 16 17 18 19 19 20 20 20 21 21 22 22 23 24 24
c - - - - - - - - - - - - - - - - - - - - - - - - 0 0 0 0 0 0 0 1 1 1 2 3 3 4 4 4 5 6 6 6 7 8 9 9 10 10 10 10 10 10 10 11 12 13 13 13 13 14 14 14 15 16 17 18 18 19 19 19 19 20 21 21 22 23 23 23
u - - - - - - - - - - - - - - - - - - - - - - - - - 0 0 0 0 0 0 1 1 1 2 3 3 4 4 4 5 6 6 6 7 8 8 9 10 10 10 10 10 10 10 11 12 13 13 13 13 14 14 14 15 16 17 17 17 18 18 19 19 20 20 21 22 22 22 23
c - - - - - - - - - - - - - - - - - - - - - - - - - - 0 0 0 0 0 1 1 1 2 3 3 4 4 4 5 6 6 6 7 8 8 9 9 9 9 9 9 9 10 10 11 12 12 12 12 13 13 13 14 15 16 16 17 17 18 18 19 19 20 21 22 22 22 23
c - - - - - - - - - - - - - - - - - - - - - - - - - - - 0 0 0 0 1 1 1 2 3 3 4 4 4 5 6 6 6 7 7 7 8 8 9 9 9 9 9 10 10 11 12 12 12 12 13 13 13 14 15 15 16 17 17 18 18 19 19 20 21 21 21 22 22
u - - - - - - - - - - - - - - - - - - - - - - - - - - - - 0 0 0 1 1 1 2 2 3 3 4 4 5 5 6 6 6 6 6 7 8 9 9 9 9 9 10 10 11 12 12 12 12 13 13 13 14 15 15 16 16 17 17 18 19 19 20 20 20 21 21 21
c - - - - - - - - - - - - - - - - - - - - - - - - - - - - - 0 0 1 1 1 2 2 3 3 4 4 5 5 6 6 6 6 6 7 8 8 8 9 9 9 10 10 10 11 11 12 12 12 13 13 14 14 15 15 16 16 17 18 18 19 20 20 20 21 21 21
g - - - - - - - - - - - - - - - - - - - - - - - - - - - - - - 0 0 1 1 1 1 2 2 3 4 4 4 5 5 5 5 5 6 7 8 8 9 9 9 10 10 10 11 11 12 12 12 12 13 13 14 14 15 16 16 17 18 18 19 19 19 20 20 20 20
c - - - - - - - - - - - - - - - - - - - - - - - - - - - - - - - 0 0 0 1 1 2 2 3 3 4 4 5 5 5 5 5 6 7 7 7 8 8 8 9 9 9 10 10 11 11 11 12 12 13 13 14 14 15 15 16 17 17 18 19 19 19 20 20 20
u - - - - - - - - - - - - - - - - - - - - - - - - - - - - - - - - 0 0 0 0 1 1 2 3 3 3 4 4 4 4 4 5 6 7 7 8 8 8 9 9 9 10 10 11 11 11 11 12 12 13 13 14 15 15 16 17 17 18 18 18 19 19 19 19
g - - - - - - - - - - - - - - - - - - - - - - - - - - - - - - - - - 0 0 0 1 1 2 3 3 3 4 4 4 4 4 5 6 6 7 7 8 8 8 9 9 10 10 11 11 11 11 12 12 13 13 14 15 15 16 16 16 17 17 18 18 18 18 18
g - - - - - - - - - - - - - - - - - - - - - - - - - - - - - - - - - - 0 0 1 1 2 2 3 3 4 4 4 4 4 5 6 6 6 7 7 7 8 8 8 9 9 10 10 10 11 11 12 12 13 13 14 14 15 16 16 17 17 17 18 18 18 18
c - - - - - - - - - - - - - - - - - - - - - - - - - - - - - - - - - - - 0 0 1 1 1 2 3 3 3 4 4 4 5 5 5 6 6 6 6 7 7 8 8 9 9 9 10 10 10 11 12 12 13 13 14 14 15 15 16 17 17 17 18 18 18
g - - - - - - - - - - - - - - - - - - - - - - - - - - - - - - - - - - - - 0 0 1 1 2 2 3 3 3 3 3 4 5 5 5 6 6 6 7 7 7 8 8 9 9 9 10 10 11 11 12 12 13 13 14 15 15 16 16 16 17 17 17 17
c - - - - - - - - - - - - - - - - - - - - - - - - - - - - - - - - - - - - - 0 0 0 1 2 2 2 3 3 3 4 4 4 5 5 5 5 6 6 7 7 8 8 8 9 9 9 10 11 11 12 12 13 13 14 14 15 16 16 16 17 17 17
c - - - - - - - - - - - - - - - - - - - - - - - - - - - - - - - - - - - - - - 0 0 1 1 2 2 2 2 2 3 4 4 4 5 5 5 6 6 6 7 7 8 8 8 9 9 10 10 11 11 12 12 13 14 14 15 15 15 16 16 16 16
g - - - - - - - - - - - - - - - - - - - - - - - - - - - - - - - - - - - - - - - 0 0 0 1 1 1 1 1 2 3 3 4 4 5 5 5 6 6 7 7 8 8 8 8 9 9 10 10 11 12 12 13 13 13 14 14 15 15 15 15 15
g - - - - - - - - - - - - - - - - - - - - - - - - - - - - - - - - - - - - - - - - 0 0 1 1 1 1 1 2 3 3 3 4 4 4 5 5 5 6 6 7 7 7 8 8 9 9 10 10 11 11 12 13 13 14 14 14 15 15 15 15
c - - - - - - - - - - - - - - - - - - - - - - - - - - - - - - - - - - - - - - - - - 0 0 0 1 1 1 2 2 2 3 3 3 3 4 4 5 5 6 6 6 7 7 7 8 9 9 10 10 11 11 12 12 13 14 14 14 15 15 15
u - - - - - - - - - - - - - - - - - - - - - - - - - - - - - - - - - - - - - - - - - - 0 0 0 0 0 1 2 2 2 3 3 3 4 4 4 5 5 6 6 6 7 7 8 8 9 9 10 10 11 12 12 13 13 13 14 14 14 14
g - - - - - - - - - - - - - - - - - - - - - - - - - - - - - - - - - - - - - - - - - - - 0 0 0 0 1 1 1 2 2 3 3 3 4 4 5 5 6 6 6 7 7 8 8 8 9 10 10 11 11 11 12 12 13 13 13 13 13
g - - - - - - - - - - - - - - - - - - - - - - - - - - - - - - - - - - - - - - - - - - - - 0 0 0 1 1 1 2 2 2 2 2 3 4 4 5 5 5 6 6 6 7 8 8 8 9 9 10 10 10 11 12 12 13 13 13 13
g - - - - - - - - - - - - - - - - - - - - - - - - - - - - - - - - - - - - - - - - - - - - - 0 0 1 1 1 1 1 1 1 1 2 3 4 4 4 4 5 5 5 6 7 8 8 8 9 9 9 9 10 11 12 12 13 13 13
c - - - - - - - - - - - - - - - - - - - - - - - - - - - - - - - - - - - - - - - - - - - - - - 0 0 0 0 0 0 0 0 0 1 2 3 3 3 3 4 4 4 5 6 7 8 8 9 9 9 9 10 10 11 12 12 13 13
a - - - - - - - - - - - - - - - - - - - - - - - - - - - - - - - - - - - - - - - - - - - - - - - 0 0 0 0 0 0 0 0 1 2 3 3 3 3 4 4 4 5 6 7 7 7 8 8 8 8 9 10 11 11 12 12 12
a - - - - - - - - - - - - - - - - - - - - - - - - - - - - - - - - - - - - - - - - - - - - - - - - 0 0 0 0 0 0 0 1 2 3 3 3 3 4 4 4 5 6 7 7 7 8 8 8 8 9 10 11 11 12 12 12
c - - - - - - - - - - - - - - - - - - - - - - - - - - - - - - - - - - - - - - - - - - - - - - - - - 0 0 0 0 0 0 1 2 3 3 3 3 4 4 4 5 6 6 7 7 8 8 8 8 9 10 11 11 12 12 12
a - - - - - - - - - - - - - - - - - - - - - - - - - - - - - - - - - - - - - - - - - - - - - - - - - - 0 0 0 0 0 1 2 2 3 3 3 4 4 4 5 6 6 6 7 7 8 8 8 9 10 10 11 11 11 11
c - - - - - - - - - - - - - - - - - - - - - - - - - - - - - - - - - - - - - - - - - - - - - - - - - - - 0 0 0 0 1 1 2 2 3 3 3 3 3 4 5 5 6 7 7 8 8 8 9 10 10 11 11 11 11
c - - - - - - - - - - - - - - - - - - - - - - - - - - - - - - - - - - - - - - - - - - - - - - - - - - - - 0 0 0 1 1 2 2 3 3 3 3 3 4 5 5 6 7 7 8 8 8 9 9 10 10 10 10 10
a - - - - - - - - - - - - - - - - - - - - - - - - - - - - - - - - - - - - - - - - - - - - - - - - - - - - - 0 0 1 1 1 2 3 3 3 3 3 4 5 5 6 6 7 7 7 8 8 9 9 9 9 9 9
u - - - - - - - - - - - - - - - - - - - - - - - - - - - - - - - - - - - - - - - - - - - - - - - - - - - - - - 0 0 0 0 1 2 2 2 2 2 3 4 4 5 5 6 6 7 7 8 8 8 8 8 8 8
u - - - - - - - - - - - - - - - - - - - - - - - - - - - - - - - - - - - - - - - - - - - - - - - - - - - - - - - 0 0 0 1 2 2 2 2 2 3 4 4 5 5 6 6 6 7 7 8 8 8 8 8 8
g - - - - - - - - - - - - - - - - - - - - - - - - - - - - - - - - - - - - - - - - - - - - - - - - - - - - - - - - 0 0 1 1 1 2 2 2 3 4 4 4 4 5 5 6 6 7 7 7 7 7 7 7
c - - - - - - - - - - - - - - - - - - - - - - - - - - - - - - - - - - - - - - - - - - - - - - - - - - - - - - - - - 0 0 0 0 1 1 1 2 3 3 4 4 5 5 5 5 6 7 7 7 7 7 7
a - - - - - - - - - - - - - - - - - - - - - - - - - - - - - - - - - - - - - - - - - - - - - - - - - - - - - - - - - - 0 0 0 1 1 1 2 3 3 3 3 4 4 5 5 6 6 6 6 6 6 6
c - - - - - - - - - - - - - - - - - - - - - - - - - - - - - - - - - - - - - - - - - - - - - - - - - - - - - - - - - - - 0 0 0 0 0 1 2 2 3 3 4 4 4 5 5 6 6 6 6 6 6
u - - - - - - - - - - - - - - - - - - - - - - - - - - - - - - - - - - - - - - - - - - - - - - - - - - - - - - - - - - - - 0 0 0 0 1 2 2 2 2 3 3 4 5 5 5 5 5 5 5 5
c - - - - - - - - - - - - - - - - - - - - - - - - - - - - - - - - - - - - - - - - - - - - - - - - - - - - - - - - - - - - - 0 0 0 1 2 2 2 2 3 3 4 4 5 5 5 5 5 5 5
c - - - - - - - - - - - - - - - - - - - - - - - - - - - - - - - - - - - - - - - - - - - - - - - - - - - - - - - - - - - - - - 0 0 1 1 1 1 1 2 2 3 3 4 4 4 4 4 4 4
g - - - - - - - - - - - - - - - - - - - - - - - - - - - - - - - - - - - - - - - - - - - - - - - - - - - - - - - - - - - - - - - 0 0 0 0 0 0 1 1 2 2 3 3 3 3 3 3 3
g - - - - - - - - - - - - - - - - - - - - - - - - - - - - - - - - - - - - - - - - - - - - - - - - - - - - - - - - - - - - - - - - 0 0 0 0 0 1 1 2 2 3 3 3 3 3 3 3
u - - - - - - - - - - - - - - - - - - - - - - - - - - - - - - - - - - - - - - - - - - - - - - - - - - - - - - - - - - - - - - - - - 0 0 0 0 1 1 2 2 3 3 3 3 3 3 3
g - - - - - - - - - - - - - - - - - - - - - - - - - - - - - - - - - - - - - - - - - - - - - - - - - - - - - - - - - - - - - - - - - - 0 0 0 1 1 1 1 2 2 2 2 2 2 2
g - - - - - - - - - - - - - - - - - - - - - - - - - - - - - - - - - - - - - - - - - - - - - - - - - - - - - - - - - - - - - - - - - - - 0 0 1 1 1 1 2 2 2 2 2 2 2
c - - - - - - - - - - - - - - - - - - - - - - - - - - - - - - - - - - - - - - - - - - - - - - - - - - - - - - - - - - - - - - - - - - - - 0 0 1 1 1 2 2 2 2 2 2 2
g - - - - - - - - - - - - - - - - - - - - - - - - - - - - - - - - - - - - - - - - - - - - - - - - - - - - - - - - - - - - - - - - - - - - - 0 0 0 0 1 1 1 1 1 1 1
a - - - - - - - - - - - - - - - - - - - - - - - - - - - - - - - - - - - - - - - - - - - - - - - - - - - - - - - - - - - - - - - - - - - - - - 0 0 0 1 1 1 1 1 1 1
a - - - - - - - - - - - - - - - - - - - - - - - - - - - - - - - - - - - - - - - - - - - - - - - - - - - - - - - - - - - - - - - - - - - - - - - 0 0 1 1 1 1 1 1 1
u - - - - - - - - - - - - - - - - - - - - - - - - - - - - - - - - - - - - - - - - - - - - - - - - - - - - - - - - - - - - - - - - - - - - - - - - 0 0 0 0 0 0 0 0
g - - - - - - - - - - - - - - - - - - - - - - - - - - - - - - - - - - - - - - - - - - - - - - - - - - - - - - - - - - - - - - - - - - - - - - - - - 0 0 0 0 0 0 0
g - - - - - - - - - - - - - - - - - - - - - - - - - - - - - - - - - - - - - - - - - - - - - - - - - - - - - - - - - - - - - - - - - - - - - - - - - - 0 0 0 0 0 0
g - - - - - - - - - - - - - - - - - - - - - - - - - - - - - - - - - - - - - - - - - - - - - - - - - - - - - - - - - - - - - - - - - - - - - - - - - - - 0 0 0 0 0
g - - - - - - - - - - - - - - - - - - - - - - - - - - - - - - - - - - - - - - - - - - - - - - - - - - - - - - - - - - - - - - - - - - - - - - - - - - - - 0 0 0 0
g - - - - - - - - - - - - - - - - - - - - - - - - - - - - - - - - - - - - - - - - - - - - - - - - - - - - - - - - - - - - - - - - - - - - - - - - - - - - - 0 0 0
g - - - - - - - - - - - - - - - - - - - - - - - - - - - - - - - - - - - - - - - - - - - - - - - - - - - - - - - - - - - - - - - - - - - - - - - - - - - - - - 0 0

 [Secondary Structure]
- cccccccggccggcauggucccagccuccucgcuggcgccggcugggcaacaccauugcacuccgguggcgaaugggggg
- ((((((()().(().(((.)).)().(((.()(.((())))...))..)..(..())()..........)....))))))
