A   7
C   0  13
D  -3  -3   7
E  -1  -3   3   6
F  -2  -2  -3  -1  10
G  -1  -4   0   0  -5   9
H  -3   1   0  -1   2  -2   9
I  -1   1  -6  -5  -1  -6  -8   6
K  -2  -3  -1   0  -4  -1   1  -3   6
L  -2   2  -4  -3  -1  -5  -5   1  -4   6
M   1  -3  -2   0   0  -2  -4   2  -1   0   5
N  -2  -2   1   0  -2   0   3  -4   1  -3   1   5
P  -1  -8  -1  -3  -3   0  -5  -3  -3  -3  -2   0   9
Q  -1  -5   0   0  -1  -2   2  -3   0  -1   0   0  -2   8
R  -2  -3  -2  -1  -2   0   3  -4   4  -4  -1   1  -4   2   7
S   0  -3   0  -1  -2   0  -2  -5  -1  -5   0   0   1  -2  -1   5
T   0  -1  -1  -4  -3  -2  -2  -2  -3  -2  -1  -1  -3  -1  -3   1   8
V   0   0  -3  -3   0  -3  -5   3  -3   0   0  -4  -1  -4  -5  -3  -2   6
W  -5  -4 -10  -5  -2  -5  -7  -6  -6 -10  -6 -11 -10  -1  -4  -4 -10 -10  14
Y  -5  -1   0  -3   2  -2   6  -3  -2  -2   0  -5  -3   0  -1  -3  -3  -4  -3  11
   A   C   D   E   F   G   H   I   K   L   M   N   P   Q   R   S   T   V   W   Y
