('sisters', 'TXAA_ANTXA/3-47', 'TX7_ANTXA/3-47')
('sisters', 'TXH8_ANTS7/3-45', 'TXH16_ANTS7/3-45')
('sisters', 'TXH7_ANTS7/3-45', 'TXH2_ANTS7/3-45')
('sisters', 'TXA2_ANTFU/4-46', 'TXA21_ANTEL/3-45')
('sisters', 'B1NWR3_9CNID/36-78', 'B1NWR0_9CNID/36-78')
('sisters', 'TXA22_ANTEL/3-45', 'TXA1_ANTFU/3-45')
('sisters', 'TXAB_ANTXA/3-47', '1apf')
('sisters', 'TX5_ANTXA/3-45', 'TX3_ANTXA/3-45')
('sisters', 'TXA12_ANTEL/3-45', 'TX1_ANTXA/3-45')
('sisters', 'TXA1_ANESU/3-44', '1atx')
('sisters', 'TXD1B_BUNCN/3-45', 'TXD1A_BUNCN/3-45')
('sisters', 'TX3_BUNGR/3-46', 'TX2_BUNGR/3-46')
('sisters', 'TXCN2_BUNCN/3-46', 'TXCAN_BUNCN/3-46')
('sisters', 'TXRC1_HETCR/3-45', 'TXAM3_ANTMC/29-71')
('sisters', 'B1NWT3_9CNID/37-70', 'AETX1_ANEER/3-44')
('sisters', 'TXAE1_ACTEQ/31-80', 'B1NWU1_ACTEQ/31-80')
('sisters', 'B1NWU3_ACTEQ/31-80', 'B1NWU2_ACTEQ/31-80')
('sisters', 'TXCL2_CALPA/35-76', 'TXCL1_CALPA/35-76')
('sisters', 'TXA1_STOHE/2-44', '1sh1')
('sisters', 'D2KX92_9CNID/37-79', 'D2KX91_9CNID/37-79')
('sisters', 'TXA4_HETCR/2-44', 'TXA3_RADPA/2-44')
('sisters', 'TXA2_RADPA/2-44', 'SHTX4_STIHA/37-79')
('sisters', 'TXA2_HETCR/2-44', 'TXA1_HETCR/2-44')
('sisters', 'HAL_HALCG/2-44', 'D0VLT9_URTCR/36-77')
('sisters', 'B5L636_NEMVE/41-81', 'B1NWT1_NEMVE/41-81')
('sisters', 'B5L633_NEMVE/41-83', 'B1NWT0_NEMVE/41-83')
